[11:12:21] : HSMHelper.execute() : HSMCommand  : 0000BA1111F000898329066
[11:12:21] : HSMHelper.execute() : HSMResponse : 0000BB0045846
[11:12:21] : HSMUtils.getPinOffset() : Intermediate Pin : 45846
[11:12:21] : HSMHelper.execute() : HSMCommand  : 0000DE4385B5DB5AEAF809458460400089832906601234567890123450000008983N5
[11:12:21] : HSMHelper.execute() : HSMResponse : 0000DF006991FFFFFFFF
[14:13:07] : HSMHelper.execute() : HSMCommand  : 0000CW150D8C0DF3348295B75E6BCE8B0A1D076071020002213568;1612520
[14:13:07] : HSMHelper.execute() : HSMResponse : 0000CX00109
[14:13:07] : HSMHelper.execute() : HSMCommand  : 0000BA1111F000898329066
[14:13:08] : HSMHelper.execute() : HSMResponse : 0000BB0045846
[14:13:08] : HSMUtils.getPinOffset() : Intermediate Pin : 45846
[14:13:08] : HSMHelper.execute() : HSMCommand  : 0000DE4385B5DB5AEAF809458460400089832906601234567890123450000008983N5
[14:13:08] : HSMHelper.execute() : HSMResponse : 0000DF006991FFFFFFFF
[14:13:43] : HSMHelper.execute() : HSMCommand  : 0000CW150D8C0DF3348295B75E6BCE8B0A1D076071020002213568;1612000
[14:13:44] : HSMHelper.execute() : HSMResponse : 0000CX00018
[14:13:44] : HSMHelper.execute() : HSMCommand  : 0000BA1111F000898329066
[14:13:44] : HSMHelper.execute() : HSMResponse : 0000BB0045846
[14:13:44] : HSMUtils.getPinOffset() : Intermediate Pin : 45846
[14:13:44] : HSMHelper.execute() : HSMCommand  : 0000DE4385B5DB5AEAF809458460400089832906601234567890123450000008983N5
[14:13:44] : HSMHelper.execute() : HSMResponse : 0000DF006991FFFFFFFF
[14:13:53] : HSMHelper.execute() : HSMCommand  : 0000CW150D8C0DF3348295B75E6BCE8B0A1D076071020002213568;1612999
[14:13:53] : HSMHelper.execute() : HSMResponse : 0000CX00070
[14:13:53] : HSMHelper.execute() : HSMCommand  : 0000BA1111F000898329066
[14:13:53] : HSMHelper.execute() : HSMResponse : 0000BB0045846
[14:13:53] : HSMUtils.getPinOffset() : Intermediate Pin : 45846
[14:13:53] : HSMHelper.execute() : HSMCommand  : 0000DE4385B5DB5AEAF809458460400089832906601234567890123450000008983N5
[14:13:53] : HSMHelper.execute() : HSMResponse : 0000DF006991FFFFFFFF
[14:14:04] : HSMHelper.execute() : HSMCommand  : 0000CW150D8C0DF3348295B75E6BCE8B0A1D076071020002213568;1612520
[14:14:05] : HSMHelper.execute() : HSMResponse : 0000CX00109
[14:14:05] : HSMHelper.execute() : HSMCommand  : 0000BA1111F000898329066
[14:14:05] : HSMHelper.execute() : HSMResponse : 0000BB0045846
[14:14:05] : HSMUtils.getPinOffset() : Intermediate Pin : 45846
[14:14:05] : HSMHelper.execute() : HSMCommand  : 0000DE4385B5DB5AEAF809458460400089832906601234567890123450000008983N5
[14:14:05] : HSMHelper.execute() : HSMResponse : 0000DF006991FFFFFFFF
[14:14:14] : HSMHelper.execute() : HSMCommand  : 0000CW150D8C0DF3348295B75E6BCE8B0A1D076071020002213568;1612000
[14:14:14] : HSMHelper.execute() : HSMResponse : 0000CX00018
[14:14:15] : HSMHelper.execute() : HSMCommand  : 0000BA1111F000898329066
[14:14:15] : HSMHelper.execute() : HSMResponse : 0000BB0045846
[14:14:15] : HSMUtils.getPinOffset() : Intermediate Pin : 45846
[14:14:15] : HSMHelper.execute() : HSMCommand  : 0000DE4385B5DB5AEAF809458460400089832906601234567890123450000008983N5
[14:14:15] : HSMHelper.execute() : HSMResponse : 0000DF006991FFFFFFFF
[14:14:23] : HSMHelper.execute() : HSMCommand  : 0000CW150D8C0DF3348295B75E6BCE8B0A1D076071020002213568;1612999
[14:14:23] : HSMHelper.execute() : HSMResponse : 0000CX00070
[14:14:23] : HSMHelper.execute() : HSMCommand  : 0000BA1111F000898329066
[14:14:23] : HSMHelper.execute() : HSMResponse : 0000BB0045846
[14:14:23] : HSMUtils.getPinOffset() : Intermediate Pin : 45846
[14:14:23] : HSMHelper.execute() : HSMCommand  : 0000DE4385B5DB5AEAF809458460400089832906601234567890123450000008983N5
[14:14:23] : HSMHelper.execute() : HSMResponse : 0000DF006991FFFFFFFF
