[18:44:31] : AjayTest.main() : PVK_LMK : U4F12B3A7123D83B504C9F06D899C5D6B
[18:44:31] : AjayTest.main() : CVK1_LMK : 150D8C0DF3348295
[18:44:31] : AjayTest.main() : CVK2_LMK : B75E6BCE8B0A1D07
[18:44:31] : AjayTest.main() : ZPK_LMK : UB27EC3FAB16D5D4D0DFCC5C3246776E3
[18:44:31] : AjayTest.main() : 
[18:44:31] : AjayTest.main() : ***********************************6071020002213576*************************************
[18:44:31] : AjayTest.main() : PAN : 6071020002213576
[18:44:31] : AjayTest.main() : PIN : 5993
[18:44:31] : AjayTest.main() : PINBLOCK_ZPK A3CC37D07FEA57C9
[18:44:31] : AjayTest.main() : PINOFFSET EXPECTED : 0309
[18:44:31] : HSMHelper.execute() : HSMCommand  : 0000BA5993F102000221357
[18:44:31] : HSMHelper.execute() : HSMResponse : 0000BB0031202
[18:44:31] : AjayTest.getPinOffsetDoublePVK() : Intermediate Pin : 31202
[18:44:31] : HSMHelper.execute() : HSMCommand  : 0000DEU4F12B3A7123D83B504C9F06D899C5D6B312020410200022135701234567890123456071020002N6
[18:44:31] : HSMHelper.execute() : HSMResponse : 0000DF023651FFFFFFFF
[18:44:31] : AjayTest.main() : PINOFFSET GENERATED : 3651
[18:44:31] : HSMHelper.execute() : HSMCommand  : 0000EAUB27EC3FAB16D5D4D0DFCC5C3246776E3U4F12B3A7123D83B504C9F06D899C5D6B12A3CC37D07FEA57C9010410200022135701234567890123456071020002N63651FFFFFFFF
[18:44:31] : HSMHelper.execute() : HSMResponse : 0000EB02
[18:44:31] : AjayTest.main() : PinBlock Validation Result : 02
[18:44:31] : AjayTest.main() : 
[18:44:31] : AjayTest.main() : ***********************************6071020002213527*************************************
[18:44:31] : AjayTest.main() : PAN : 6071020002213527
[18:44:31] : AjayTest.main() : PIN : 4563
[18:44:31] : AjayTest.main() : PINBLOCK_ZPK 84F84F21F7AC7E74
[18:44:31] : AjayTest.main() : PINOFFSET EXPECTED : 7699
[18:44:31] : HSMHelper.execute() : HSMCommand  : 0000BA4563F102000221352
[18:44:31] : HSMHelper.execute() : HSMResponse : 0000BB0050458
[18:44:31] : AjayTest.getPinOffsetDoublePVK() : Intermediate Pin : 50458
[18:44:31] : HSMHelper.execute() : HSMCommand  : 0000DEU4F12B3A7123D83B504C9F06D899C5D6B504580410200022135201234567890123456071020002N7
[18:44:31] : HSMHelper.execute() : HSMResponse : 0000DF022645FFFFFFFF
[18:44:31] : AjayTest.main() : PINOFFSET GENERATED : 2645
[18:44:31] : HSMHelper.execute() : HSMCommand  : 0000EAUB27EC3FAB16D5D4D0DFCC5C3246776E3U4F12B3A7123D83B504C9F06D899C5D6B1284F84F21F7AC7E74010410200022135201234567890123456071020002N72645FFFFFFFF
[18:44:31] : HSMHelper.execute() : HSMResponse : 0000EB02
[18:44:31] : AjayTest.main() : PinBlock Validation Result : 02
[19:51:25] : AjayTest.main() : PVK_LMK : U4F12B3A7123D83B504C9F06D899C5D6B
[19:51:25] : AjayTest.main() : CVK1_LMK : 150D8C0DF3348295
[19:51:25] : AjayTest.main() : CVK2_LMK : B75E6BCE8B0A1D07
[19:51:25] : AjayTest.main() : ZPK_LMK : UB27EC3FAB16D5D4D0DFCC5C3246776E3
[19:51:25] : AjayTest.main() : 
[19:51:25] : AjayTest.main() : ***********************************6071020002213576*************************************
[19:51:25] : AjayTest.main() : PAN : 6071020002213576
[19:51:25] : AjayTest.main() : PIN : 5993
[19:51:25] : AjayTest.main() : PINBLOCK_ZPK A3CC37D07FEA57C9
[19:51:25] : AjayTest.main() : PINOFFSET EXPECTED : 0309
[19:51:25] : HSMHelper.execute() : HSMCommand  : 0000BA5993F102000221357
[19:51:25] : HSMHelper.execute() : HSMResponse : 0000BB0031202
[19:51:25] : AjayTest.getPinOffsetDoublePVK() : Intermediate Pin : 31202
[19:51:25] : HSMHelper.execute() : HSMCommand  : 0000DEU4F12B3A7123D83B504C9F06D899C5D6B312020410200022135701234567890123456071020002N6
[19:51:25] : HSMHelper.execute() : HSMResponse : 0000DF023651FFFFFFFF
[19:51:25] : AjayTest.main() : PINOFFSET GENERATED : 3651
[19:51:25] : HSMHelper.execute() : HSMCommand  : 0000CY150D8C0DF3348295B75E6BCE8B0A1D079096071020002213576;2412620
[19:51:25] : HSMHelper.execute() : HSMResponse : 0000CZ01
[19:51:25] : HSMHelper.execute() : HSMCommand  : 0000EAUB27EC3FAB16D5D4D0DFCC5C3246776E3U4F12B3A7123D83B504C9F06D899C5D6B12A3CC37D07FEA57C9010410200022135701234567890123456071020002N63651FFFFFFFF
[19:51:25] : HSMHelper.execute() : HSMResponse : 0000EB02
[19:51:25] : AjayTest.main() : PinBlock Validation Result : 02
[19:51:25] : AjayTest.main() : 
[19:51:25] : AjayTest.main() : ***********************************6071020002213527*************************************
[19:51:25] : AjayTest.main() : PAN : 6071020002213527
[19:51:25] : AjayTest.main() : PIN : 4563
[19:51:25] : AjayTest.main() : PINBLOCK_ZPK 84F84F21F7AC7E74
[19:51:25] : AjayTest.main() : PINOFFSET EXPECTED : 7699
[19:51:25] : HSMHelper.execute() : HSMCommand  : 0000BA4563F102000221352
[19:51:26] : HSMHelper.execute() : HSMResponse : 0000BB0050458
[19:51:26] : AjayTest.getPinOffsetDoublePVK() : Intermediate Pin : 50458
[19:51:26] : HSMHelper.execute() : HSMCommand  : 0000DEU4F12B3A7123D83B504C9F06D899C5D6B504580410200022135201234567890123456071020002N7
[19:51:26] : HSMHelper.execute() : HSMResponse : 0000DF022645FFFFFFFF
[19:51:26] : AjayTest.main() : PINOFFSET GENERATED : 2645
[19:51:26] : HSMHelper.execute() : HSMCommand  : 0000EAUB27EC3FAB16D5D4D0DFCC5C3246776E3U4F12B3A7123D83B504C9F06D899C5D6B1284F84F21F7AC7E74010410200022135201234567890123456071020002N72645FFFFFFFF
[19:51:26] : HSMHelper.execute() : HSMResponse : 0000EB02
[19:51:26] : AjayTest.main() : PinBlock Validation Result : 02
[19:51:57] : AjayTest.main() : PVK_LMK : U4F12B3A7123D83B504C9F06D899C5D6B
[19:51:57] : AjayTest.main() : CVK1_LMK : 150D8C0DF3348295
[19:51:57] : AjayTest.main() : CVK2_LMK : B75E6BCE8B0A1D07
[19:51:57] : AjayTest.main() : ZPK_LMK : UB27EC3FAB16D5D4D0DFCC5C3246776E3
[19:51:57] : AjayTest.main() : 
[19:51:57] : AjayTest.main() : ***********************************6071020002213576*************************************
[19:51:57] : AjayTest.main() : PAN : 6071020002213576
[19:51:57] : AjayTest.main() : PIN : 5993
[19:51:57] : AjayTest.main() : PINBLOCK_ZPK A3CC37D07FEA57C9
[19:51:57] : AjayTest.main() : PINOFFSET EXPECTED : 0309
[19:51:57] : AjayTest.main() : PINOFFSET GENERATED : 
[19:51:57] : HSMHelper.execute() : HSMCommand  : 0000CY150D8C0DF3348295B75E6BCE8B0A1D079096071020002213576;2412620
[19:51:57] : HSMHelper.execute() : HSMResponse : 0000CZ01
[19:53:49] : AjayTest.main() : PVK_LMK : U4F12B3A7123D83B504C9F06D899C5D6B
[19:53:49] : AjayTest.main() : CVK1_LMK : 150D8C0DF3348295
[19:53:49] : AjayTest.main() : CVK2_LMK : B75E6BCE8B0A1D07
[19:53:49] : AjayTest.main() : ZPK_LMK : UB27EC3FAB16D5D4D0DFCC5C3246776E3
[19:53:49] : AjayTest.main() : 
[19:53:49] : AjayTest.main() : ***********************************6071020002213568*************************************
[19:53:49] : AjayTest.main() : PAN : 6071020002213568
[19:53:49] : AjayTest.main() : PIN : 9493
[19:53:49] : AjayTest.main() : PINBLOCK_ZPK A3CC37D07FEA57C9
[19:53:49] : AjayTest.main() : PINOFFSET EXPECTED : 0629
[19:53:49] : AjayTest.main() : PINOFFSET GENERATED : 
[19:53:49] : HSMHelper.execute() : HSMCommand  : 0000CY150D8C0DF3348295B75E6BCE8B0A1D077786071020002213568;2412620
[19:53:49] : HSMHelper.execute() : HSMResponse : 0000CZ01
[19:55:37] : HSMHelper.execute() : HSMCommand  : 0000CY150D8C0DF3348295B75E6BCE8B0A1D077786071020002213568;2412620
[19:55:37] : HSMHelper.execute() : HSMResponse : 0000CZ01
[19:55:42] : HSMHelper.execute() : HSMCommand  : 0000CY150D8C0DF3348295B75E6BCE8B0A1D077786071020002213568;2412000
[19:55:42] : HSMHelper.execute() : HSMResponse : 0000CZ01
[19:55:48] : HSMHelper.execute() : HSMCommand  : 0000CY150D8C0DF3348295B75E6BCE8B0A1D077786071020002213568;2412999
[19:55:48] : HSMHelper.execute() : HSMResponse : 0000CZ01
[19:55:55] : HSMHelper.execute() : HSMCommand  : 0000CY150D8C0DF3348295B75E6BCE8B0A1D077786071020002213568;2412520
[19:55:55] : HSMHelper.execute() : HSMResponse : 0000CZ00
[19:57:07] : HSMHelper.execute() : HSMCommand  : 0000CY150D8C0DF3348295B75E6BCE8B0A1D077786071020002213568;2412520
[19:57:07] : HSMHelper.execute() : HSMResponse : 0000CZ00
[19:57:07] : HSMHelper.execute() : HSMCommand  : 0000CY150D8C0DF3348295B75E6BCE8B0A1D075186071020002213568;2412000
[19:57:07] : HSMHelper.execute() : HSMResponse : 0000CZ00
[19:57:07] : HSMHelper.execute() : HSMCommand  : 0000CY150D8C0DF3348295B75E6BCE8B0A1D077986071020002213568;2412999
[19:57:07] : HSMHelper.execute() : HSMResponse : 0000CZ00
[20:25:51] : HSMHelper.execute() : HSMCommand  : 0000CY150D8C0DF3348295B75E6BCE8B0A1D079096071020002213576;2412520
[20:25:51] : HSMHelper.execute() : HSMResponse : 0000CZ00
[20:25:51] : HSMHelper.execute() : HSMCommand  : 0000CY150D8C0DF3348295B75E6BCE8B0A1D072466071020002213576;2412000
[20:25:51] : HSMHelper.execute() : HSMResponse : 0000CZ00
[20:25:51] : HSMHelper.execute() : HSMCommand  : 0000CY150D8C0DF3348295B75E6BCE8B0A1D076376071020002213576;2412999
[20:25:51] : HSMHelper.execute() : HSMResponse : 0000CZ00
[20:26:29] : HSMHelper.execute() : HSMCommand  : 0000CY150D8C0DF3348295B75E6BCE8B0A1D071706071020002213527;2412520
[20:26:29] : HSMHelper.execute() : HSMResponse : 0000CZ00
[20:26:29] : HSMHelper.execute() : HSMCommand  : 0000CY150D8C0DF3348295B75E6BCE8B0A1D071606071020002213527;2412000
[20:26:29] : HSMHelper.execute() : HSMResponse : 0000CZ00
[20:26:29] : HSMHelper.execute() : HSMCommand  : 0000CY150D8C0DF3348295B75E6BCE8B0A1D075406071020002213527;2412999
[20:26:29] : HSMHelper.execute() : HSMResponse : 0000CZ00
[20:26:36] : HSMHelper.execute() : HSMCommand  : 0000CY150D8C0DF3348295B75E6BCE8B0A1D071706071020002213527;2412620
[20:26:36] : HSMHelper.execute() : HSMResponse : 0000CZ01
[20:26:36] : HSMHelper.execute() : HSMCommand  : 0000CY150D8C0DF3348295B75E6BCE8B0A1D071606071020002213527;2412000
[20:26:36] : HSMHelper.execute() : HSMResponse : 0000CZ00
[20:26:36] : HSMHelper.execute() : HSMCommand  : 0000CY150D8C0DF3348295B75E6BCE8B0A1D075406071020002213527;2412999
[20:26:36] : HSMHelper.execute() : HSMResponse : 0000CZ00
