[15:01:32] : HSMHelper.execute() : HSMCommand  : 0000BA5993F102000221357
[15:01:32] : HSMHelper.execute() : HSMResponse : 0000BB0031202
[15:01:32] : HSMHelper.execute() : HSMCommand  : 0000DGU4F12B3A7123D83B504C9F06D899C5D6B312021020002213571
[15:01:32] : HSMHelper.execute() : HSMResponse : 0000DH000309
[15:01:32] : HSMHelper.execute() : HSMCommand  : 0000DCUB9322774320AB911EC740326592F688CU4F12B3A7123D83B504C9F06D899C5D6B60BC4EC98BF9921A0510200022135710309
[15:01:32] : HSMHelper.execute() : HSMResponse : 0000DD00
[15:01:32] : HSMHelper.execute() : HSMCommand  : 0000ECUB27EC3FAB16D5D4D0DFCC5C3246776E3U4F12B3A7123D83B504C9F06D899C5D6BA3CC37D07FEA57C90110200022135710309
[15:01:32] : HSMHelper.execute() : HSMResponse : 0000ED00
[15:01:32] : HSMHelper.execute() : HSMCommand  : 0000CU002UB9322774320AB911EC740326592F688CU4F12B3A7123D83B504C9F06D899C5D6B60BC4EC98BF9921A051020002213571030960BC4EC98BF9921A
[15:01:32] : HSMHelper.execute() : HSMResponse : 0000CV000309
[15:01:32] : HSMHelper.execute() : HSMCommand  : 0000CU001UB27EC3FAB16D5D4D0DFCC5C3246776E3U4F12B3A7123D83B504C9F06D899C5D6BA3CC37D07FEA57C90110200022135710309A3CC37D07FEA57C9
[15:01:32] : HSMHelper.execute() : HSMResponse : 0000CV000309
[15:01:32] : HSMHelper.execute() : HSMCommand  : 0000BA1111F102000221352
[15:01:32] : HSMHelper.execute() : HSMResponse : 0000BB0007306
[15:01:32] : HSMHelper.execute() : HSMCommand  : 0000DGU4F12B3A7123D83B504C9F06D899C5D6B073061020002213521
[15:01:32] : HSMHelper.execute() : HSMResponse : 0000DH009858
[15:01:32] : HSMHelper.execute() : HSMCommand  : 0000CU001UB27EC3FAB16D5D4D0DFCC5C3246776E3U4F12B3A7123D83B504C9F06D899C5D6B7905D63257273DD301102000221352198587905D63257273DD3
[15:01:32] : HSMHelper.execute() : HSMResponse : 0000CV009858
[15:04:01] : HSMHelper.execute() : HSMCommand  : 0000BA1234F102000200002
[15:04:01] : HSMHelper.execute() : HSMResponse : 0000BB0086469
[15:04:01] : HSMHelper.execute() : HSMCommand  : 0000DGU4F12B3A7123D83B504C9F06D899C5D6B864691020002000021
[15:04:01] : HSMHelper.execute() : HSMResponse : 0000DH002287
[15:04:28] : HSMHelper.execute() : HSMCommand  : 0000BA1234F102000200003
[15:04:28] : HSMHelper.execute() : HSMResponse : 0000BB0018157
[15:04:28] : HSMHelper.execute() : HSMCommand  : 0000DGU4F12B3A7123D83B504C9F06D899C5D6B181571020002000031
[15:04:28] : HSMHelper.execute() : HSMResponse : 0000DH000510
[15:04:40] : HSMHelper.execute() : HSMCommand  : 0000BA1234F102000200004
[15:04:41] : HSMHelper.execute() : HSMResponse : 0000BB0044944
[15:04:41] : HSMHelper.execute() : HSMCommand  : 0000DGU4F12B3A7123D83B504C9F06D899C5D6B449441020002000041
[15:04:41] : HSMHelper.execute() : HSMResponse : 0000DH001685
[15:05:12] : HSMHelper.execute() : HSMCommand  : 0000BA1234F102000200004
[15:05:12] : HSMHelper.execute() : HSMResponse : 0000BB0044944
[15:05:12] : HSMHelper.execute() : HSMCommand  : 0000DGU4F12B3A7123D83B504C9F06D899C5D6B449441020002000041
[15:05:13] : HSMHelper.execute() : HSMResponse : 0000DH001685
[15:05:13] : HSMHelper.execute() : HSMCommand  : 0000DCUB9322774320AB911EC740326592F688CU4F12B3A7123D83B504C9F06D899C5D6B60BC4EC98BF9921A0510200020000411685
[15:05:13] : HSMHelper.execute() : HSMResponse : 0000DD01
[15:05:13] : HSMHelper.execute() : HSMCommand  : 0000ECUB27EC3FAB16D5D4D0DFCC5C3246776E3U4F12B3A7123D83B504C9F06D899C5D6BA3CC37D07FEA57C90110200020000411685
[15:05:13] : HSMHelper.execute() : HSMResponse : 0000ED20
[15:05:13] : HSMHelper.execute() : HSMCommand  : 0000CU002UB9322774320AB911EC740326592F688CU4F12B3A7123D83B504C9F06D899C5D6B60BC4EC98BF9921A051020002000041168560BC4EC98BF9921A
[15:05:13] : HSMHelper.execute() : HSMResponse : 0000CV01
[15:05:13] : HSMHelper.execute() : HSMCommand  : 0000CU001UB27EC3FAB16D5D4D0DFCC5C3246776E3U4F12B3A7123D83B504C9F06D899C5D6BA3CC37D07FEA57C90110200020000411685A3CC37D07FEA57C9
[15:05:13] : HSMHelper.execute() : HSMResponse : 0000CV24
[15:05:13] : HSMHelper.execute() : HSMCommand  : 0000BA1111F102000221352
[15:05:13] : HSMHelper.execute() : HSMResponse : 0000BB0007306
[15:05:13] : HSMHelper.execute() : HSMCommand  : 0000DGU4F12B3A7123D83B504C9F06D899C5D6B073061020002213521
[15:05:13] : HSMHelper.execute() : HSMResponse : 0000DH009858
[15:05:13] : HSMHelper.execute() : HSMCommand  : 0000CU001UB27EC3FAB16D5D4D0DFCC5C3246776E3U4F12B3A7123D83B504C9F06D899C5D6B7905D63257273DD301102000221352198587905D63257273DD3
[15:05:13] : HSMHelper.execute() : HSMResponse : 0000CV009858
[15:12:43] : HSMHelper.execute() : HSMCommand  : 0000CW150D8C0DF3348295B75E6BCE8B0A1D076071020002000023;2407000
[15:12:43] : HSMHelper.execute() : HSMResponse : 0000CX00703
[15:12:56] : HSMHelper.execute() : HSMCommand  : 0000CW150D8C0DF3348295B75E6BCE8B0A1D076071020002000023;2407000
[15:12:57] : HSMHelper.execute() : HSMResponse : 0000CX00703
[15:12:57] : HSMHelper.execute() : HSMCommand  : 0000CW150D8C0DF3348295B75E6BCE8B0A1D076071020002000023;2407620
[15:12:57] : HSMHelper.execute() : HSMResponse : 0000CX00282
[15:13:16] : HSMHelper.execute() : HSMCommand  : 0000CW150D8C0DF3348295B75E6BCE8B0A1D076071020002000031;2407000
[15:13:16] : HSMHelper.execute() : HSMResponse : 0000CX00909
[15:13:16] : HSMHelper.execute() : HSMCommand  : 0000CW150D8C0DF3348295B75E6BCE8B0A1D076071020002000031;2407620
[15:13:16] : HSMHelper.execute() : HSMResponse : 0000CX00052
[15:13:31] : HSMHelper.execute() : HSMCommand  : 0000CW150D8C0DF3348295B75E6BCE8B0A1D076071020002000049;2407000
[15:13:31] : HSMHelper.execute() : HSMResponse : 0000CX00349
[15:13:31] : HSMHelper.execute() : HSMCommand  : 0000CW150D8C0DF3348295B75E6BCE8B0A1D076071020002000049;2407620
[15:13:31] : HSMHelper.execute() : HSMResponse : 0000CX00004
