[15:12:11] : HSMHelper.execute() : HSMCommand  : 0000BA1111F102000210575
[15:12:18] : HSMHelper.execute() : HSMResponse : null
[15:12:21] : HSMHelper.execute() : HSMCommand  : 0000BA1111F102000210575
[15:12:44] : HSMHelper.execute() : HSMCommand  : 0000BA1111F102000210575
[15:12:44] : HSMHelper.execute() : HSMResponse : 0000BB0083799
[15:12:44] : HSMHelper.execute() : HSMCommand  : 0000DGU4F12B3A7123D83B504C9F06D899C5D6B837991020002105751
[15:12:44] : HSMHelper.execute() : HSMResponse : 0000DH008123
[15:12:44] : HSMHelper.execute() : HSMCommand  : 0000DCUB9322774320AB911EC740326592F688CU4F12B3A7123D83B504C9F06D899C5D6B60BC4EC98BF9921A0510200021057518123
[15:12:44] : HSMHelper.execute() : HSMResponse : 0000DD01
[15:13:17] : HSMHelper.execute() : HSMCommand  : 0000BA1111F102000221356
[15:13:17] : HSMHelper.execute() : HSMResponse : 0000BB0081514
[15:13:17] : HSMHelper.execute() : HSMCommand  : 0000DGU4F12B3A7123D83B504C9F06D899C5D6B815141020002213561
[15:13:17] : HSMHelper.execute() : HSMResponse : 0000DH007584
[15:13:17] : HSMHelper.execute() : HSMCommand  : 0000DCUB9322774320AB911EC740326592F688CU4F12B3A7123D83B504C9F06D899C5D6B60BC4EC98BF9921A0510200022135617584
[15:13:17] : HSMHelper.execute() : HSMResponse : 0000DD01
[15:32:58] : HSMHelper.execute() : HSMCommand  : 0000BA5993F102000221357
[15:32:58] : HSMHelper.execute() : HSMResponse : 0000BB0031202
[15:32:58] : HSMHelper.execute() : HSMCommand  : 0000DGU4F12B3A7123D83B504C9F06D899C5D6B312021020002213571
[15:32:58] : HSMHelper.execute() : HSMResponse : 0000DH000309
[15:32:58] : HSMHelper.execute() : HSMCommand  : 0000DCUB9322774320AB911EC740326592F688CU4F12B3A7123D83B504C9F06D899C5D6B60BC4EC98BF9921A0510200022135710309
[15:32:59] : HSMHelper.execute() : HSMResponse : 0000DD00
[15:38:02] : HSMHelper.execute() : HSMCommand  : 0000BA5993F102000221357
[15:38:02] : HSMHelper.execute() : HSMResponse : 0000BB0031202
[15:38:02] : HSMHelper.execute() : HSMCommand  : 0000DGU4F12B3A7123D83B504C9F06D899C5D6B312021020002213571
[15:38:02] : HSMHelper.execute() : HSMResponse : 0000DH000309
[15:38:02] : HSMHelper.execute() : HSMCommand  : 0000DCUB9322774320AB911EC740326592F688CU4F12B3A7123D83B504C9F06D899C5D6B60BC4EC98BF9921A0510200022135710309
[15:38:03] : HSMHelper.execute() : HSMResponse : 0000DD00
[15:38:03] : HSMHelper.execute() : HSMCommand  : 0000ECUB27EC3FAB16D5D4D0DFCC5C3246776E3U4F12B3A7123D83B504C9F06D899C5D6BECBB6AD1CFE848F705102000221357
[15:38:03] : HSMHelper.execute() : HSMResponse : 0000ED15
[15:39:24] : HSMHelper.execute() : HSMCommand  : 0000BA5993F102000221357
[15:39:24] : HSMHelper.execute() : HSMResponse : 0000BB0031202
[15:39:24] : HSMHelper.execute() : HSMCommand  : 0000DGU4F12B3A7123D83B504C9F06D899C5D6B312021020002213571
[15:39:24] : HSMHelper.execute() : HSMResponse : 0000DH000309
[15:39:24] : HSMHelper.execute() : HSMCommand  : 0000DCUB9322774320AB911EC740326592F688CU4F12B3A7123D83B504C9F06D899C5D6B60BC4EC98BF9921A0510200022135710309
[15:39:24] : HSMHelper.execute() : HSMResponse : 0000DD00
[15:39:24] : HSMHelper.execute() : HSMCommand  : 0000ECUB27EC3FAB16D5D4D0DFCC5C3246776E3U4F12B3A7123D83B504C9F06D899C5D6BECBB6AD1CFE848F70510200022135710309
[15:39:24] : HSMHelper.execute() : HSMResponse : 0000ED24
[15:39:40] : HSMHelper.execute() : HSMCommand  : 0000BA5993F102000221357
[15:39:40] : HSMHelper.execute() : HSMResponse : 0000BB0031202
[15:39:40] : HSMHelper.execute() : HSMCommand  : 0000DGU4F12B3A7123D83B504C9F06D899C5D6B312021020002213571
[15:39:40] : HSMHelper.execute() : HSMResponse : 0000DH000309
[15:39:40] : HSMHelper.execute() : HSMCommand  : 0000DCUB9322774320AB911EC740326592F688CU4F12B3A7123D83B504C9F06D899C5D6B60BC4EC98BF9921A0510200022135710309
[15:39:40] : HSMHelper.execute() : HSMResponse : 0000DD00
[15:39:40] : HSMHelper.execute() : HSMCommand  : 0000ECUB27EC3FAB16D5D4D0DFCC5C3246776E3U4F12B3A7123D83B504C9F06D899C5D6BECBB6AD1CFE848F70110200022135710309
[15:39:40] : HSMHelper.execute() : HSMResponse : 0000ED24
[15:44:26] : HSMHelper.execute() : HSMCommand  : 0000BA5993F102000221357
[15:44:26] : HSMHelper.execute() : HSMResponse : 0000BB0031202
[15:44:26] : HSMHelper.execute() : HSMCommand  : 0000DGU4F12B3A7123D83B504C9F06D899C5D6B312021020002213571
[15:44:26] : HSMHelper.execute() : HSMResponse : 0000DH000309
[15:44:26] : HSMHelper.execute() : HSMCommand  : 0000DCUB9322774320AB911EC740326592F688CU4F12B3A7123D83B504C9F06D899C5D6B60BC4EC98BF9921A0510200022135710309
[15:44:26] : HSMHelper.execute() : HSMResponse : 0000DD00
[15:44:26] : HSMHelper.execute() : HSMCommand  : 0000ECUB27EC3FAB16D5D4D0DFCC5C3246776E3U4F12B3A7123D83B504C9F06D899C5D6BECBB6AD1CFE848F70410200022135710309
[15:44:26] : HSMHelper.execute() : HSMResponse : 0000ED15
[15:44:46] : HSMHelper.execute() : HSMCommand  : 0000BA5993F102000221357
[15:44:47] : HSMHelper.execute() : HSMResponse : 0000BB0031202
[15:44:47] : HSMHelper.execute() : HSMCommand  : 0000DGU4F12B3A7123D83B504C9F06D899C5D6B312021020002213571
[15:44:47] : HSMHelper.execute() : HSMResponse : 0000DH000309
[15:44:47] : HSMHelper.execute() : HSMCommand  : 0000DCUB9322774320AB911EC740326592F688CU4F12B3A7123D83B504C9F06D899C5D6B60BC4EC98BF9921A0510200022135710309
[15:44:47] : HSMHelper.execute() : HSMResponse : 0000DD00
[15:44:47] : HSMHelper.execute() : HSMCommand  : 0000ECUB27EC3FAB16D5D4D0DFCC5C3246776E3U4F12B3A7123D83B504C9F06D899C5D6BECBB6AD1CFE848F70110200022135710309
[15:44:47] : HSMHelper.execute() : HSMResponse : 0000ED24
[15:45:29] : HSMHelper.execute() : HSMCommand  : 0000BA5993F102000221357
[15:45:30] : HSMHelper.execute() : HSMResponse : 0000BB0031202
[15:45:30] : HSMHelper.execute() : HSMCommand  : 0000DGU4F12B3A7123D83B504C9F06D899C5D6B312021020002213571
[15:45:30] : HSMHelper.execute() : HSMResponse : 0000DH000309
[15:45:30] : HSMHelper.execute() : HSMCommand  : 0000DCUB9322774320AB911EC740326592F688CU4F12B3A7123D83B504C9F06D899C5D6B60BC4EC98BF9921A0510200022135710309
[15:45:30] : HSMHelper.execute() : HSMResponse : 0000DD00
[15:45:30] : HSMHelper.execute() : HSMCommand  : 0000ECUB27EC3FAB16D5D4D0DFCC5C3246776E3U4F12B3A7123D83B504C9F06D899C5D6BECBB6AD1CFE848F70510200022135710309
[15:45:30] : HSMHelper.execute() : HSMResponse : 0000ED24
[15:47:38] : HSMHelper.execute() : HSMCommand  : 0000BA5993F102000221357
[15:47:38] : HSMHelper.execute() : HSMResponse : 0000BB0031202
[15:47:38] : HSMHelper.execute() : HSMCommand  : 0000DGU4F12B3A7123D83B504C9F06D899C5D6B312021020002213571
[15:47:38] : HSMHelper.execute() : HSMResponse : 0000DH000309
[15:47:38] : HSMHelper.execute() : HSMCommand  : 0000DCUB9322774320AB911EC740326592F688CU4F12B3A7123D83B504C9F06D899C5D6B60BC4EC98BF9921A0510200022135710309
[15:47:38] : HSMHelper.execute() : HSMResponse : 0000DD00
[15:47:38] : HSMHelper.execute() : HSMCommand  : 0000ECUB27EC3FAB16D5D4D0DFCC5C3246776E3U4F12B3A7123D83B504C9F06D899C5D6BD5A379D9D1B7BD4F0510200022135710309
[15:47:38] : HSMHelper.execute() : HSMResponse : 0000ED01
[15:48:10] : HSMHelper.execute() : HSMCommand  : 0000BA5993F102000221357
[15:48:10] : HSMHelper.execute() : HSMResponse : 0000BB0031202
[15:48:10] : HSMHelper.execute() : HSMCommand  : 0000DGU4F12B3A7123D83B504C9F06D899C5D6B312021020002213571
[15:48:10] : HSMHelper.execute() : HSMResponse : 0000DH000309
[15:48:10] : HSMHelper.execute() : HSMCommand  : 0000DCUB9322774320AB911EC740326592F688CU4F12B3A7123D83B504C9F06D899C5D6B60BC4EC98BF9921A0510200022135710309
[15:48:10] : HSMHelper.execute() : HSMResponse : 0000DD00
[15:48:10] : HSMHelper.execute() : HSMCommand  : 0000ECUB27EC3FAB16D5D4D0DFCC5C3246776E3U4F12B3A7123D83B504C9F06D899C5D6BA3CC37D07FEA57C90510200022135710309
[15:48:10] : HSMHelper.execute() : HSMResponse : 0000ED20
[17:42:28] : HSMHelper.execute() : HSMCommand  : 0000BA5993F102000221357
[17:42:28] : HSMHelper.execute() : HSMResponse : 0000BB0031202
[17:42:28] : HSMHelper.execute() : HSMCommand  : 0000DGU4F12B3A7123D83B504C9F06D899C5D6B312021020002213571
[17:42:28] : HSMHelper.execute() : HSMResponse : 0000DH000309
[17:42:28] : HSMHelper.execute() : HSMCommand  : 0000DCUB9322774320AB911EC740326592F688CU4F12B3A7123D83B504C9F06D899C5D6B60BC4EC98BF9921A0510200022135710309
[17:42:28] : HSMHelper.execute() : HSMResponse : 0000DD00
[17:42:28] : HSMHelper.execute() : HSMCommand  : 0000ECUB27EC3FAB16D5D4D0DFCC5C3246776E3U4F12B3A7123D83B504C9F06D899C5D6BA3CC37D07FEA57C90510200022135710309
[17:42:28] : HSMHelper.execute() : HSMResponse : 0000ED20
[17:42:40] : HSMHelper.execute() : HSMCommand  : 0000BA5993F102000221357
[17:42:40] : HSMHelper.execute() : HSMResponse : 0000BB0031202
[17:42:40] : HSMHelper.execute() : HSMCommand  : 0000DGU4F12B3A7123D83B504C9F06D899C5D6B312021020002213571
[17:42:40] : HSMHelper.execute() : HSMResponse : 0000DH000309
[17:42:40] : HSMHelper.execute() : HSMCommand  : 0000DCUB9322774320AB911EC740326592F688CU4F12B3A7123D83B504C9F06D899C5D6B60BC4EC98BF9921A0510200022135710309
[17:42:40] : HSMHelper.execute() : HSMResponse : 0000DD00
[17:42:40] : HSMHelper.execute() : HSMCommand  : 0000ECUB27EC3FAB16D5D4D0DFCC5C3246776E3U4F12B3A7123D83B504C9F06D899C5D6BA3CC37D07FEA57C90110200022135710309
[17:42:40] : HSMHelper.execute() : HSMResponse : 0000ED00
[18:38:20] : HSMHelper.execute() : HSMCommand  : 0000BA5993F102000221357
[18:38:20] : HSMHelper.execute() : HSMResponse : 0000BB0031202
[18:38:20] : HSMHelper.execute() : HSMCommand  : 0000DGU4F12B3A7123D83B504C9F06D899C5D6B312021020002213571
[18:38:20] : HSMHelper.execute() : HSMResponse : 0000DH000309
[18:38:20] : HSMHelper.execute() : HSMCommand  : 0000DCUB9322774320AB911EC740326592F688CU4F12B3A7123D83B504C9F06D899C5D6B60BC4EC98BF9921A0510200022135710309
[18:38:20] : HSMHelper.execute() : HSMResponse : 0000DD00
[18:38:20] : HSMHelper.execute() : HSMCommand  : 0000ECUB27EC3FAB16D5D4D0DFCC5C3246776E3U4F12B3A7123D83B504C9F06D899C5D6BA3CC37D07FEA57C90110200022135710309
[18:38:20] : HSMHelper.execute() : HSMResponse : 0000ED00
[18:38:56] : HSMHelper.execute() : HSMCommand  : 0000BA5993F102000221357
[18:38:56] : HSMHelper.execute() : HSMResponse : 0000BB0031202
[18:38:56] : HSMHelper.execute() : HSMCommand  : 0000DGU4F12B3A7123D83B504C9F06D899C5D6B312021020002213571
[18:38:56] : HSMHelper.execute() : HSMResponse : 0000DH000309
[18:38:56] : HSMHelper.execute() : HSMCommand  : 0000DCUB9322774320AB911EC740326592F688CU4F12B3A7123D83B504C9F06D899C5D6B60BC4EC98BF9921A0510200022135710309
[18:38:56] : HSMHelper.execute() : HSMResponse : 0000DD00
[18:38:56] : HSMHelper.execute() : HSMCommand  : 0000ECUB27EC3FAB16D5D4D0DFCC5C3246776E3U4F12B3A7123D83B504C9F06D899C5D6BA3CC37D07FEA57C90110200022135710309
[18:38:56] : HSMHelper.execute() : HSMResponse : 0000ED00
[18:38:56] : HSMHelper.execute() : HSMCommand  : 0000CU002UB9322774320AB911EC740326592F688CU4F12B3A7123D83B504C9F06D899C5D6B60BC4EC98BF9921A051020002213571030960BC4EC98BF9921A
[18:38:56] : HSMHelper.execute() : HSMResponse : 0000CV000309
[18:39:55] : HSMHelper.execute() : HSMCommand  : 0000BA5993F102000221357
[18:39:55] : HSMHelper.execute() : HSMResponse : 0000BB0031202
[18:39:55] : HSMHelper.execute() : HSMCommand  : 0000DGU4F12B3A7123D83B504C9F06D899C5D6B312021020002213571
[18:39:55] : HSMHelper.execute() : HSMResponse : 0000DH000309
[18:39:55] : HSMHelper.execute() : HSMCommand  : 0000DCUB9322774320AB911EC740326592F688CU4F12B3A7123D83B504C9F06D899C5D6B60BC4EC98BF9921A0510200022135710309
[18:39:55] : HSMHelper.execute() : HSMResponse : 0000DD00
[18:39:55] : HSMHelper.execute() : HSMCommand  : 0000ECUB27EC3FAB16D5D4D0DFCC5C3246776E3U4F12B3A7123D83B504C9F06D899C5D6BA3CC37D07FEA57C90110200022135710309
[18:39:55] : HSMHelper.execute() : HSMResponse : 0000ED00
[18:39:55] : HSMHelper.execute() : HSMCommand  : 0000CU001 UB27EC3FAB16D5D4D0DFCC5C3246776E3U4F12B3A7123D83B504C9F06D899C5D6BA3CC37D07FEA57C90110200022135710309A3CC37D07FEA57C9
[18:39:55] : HSMHelper.execute() : HSMResponse : 0000CV26
[18:40:11] : HSMHelper.execute() : HSMCommand  : 0000BA5993F102000221357
[18:40:11] : HSMHelper.execute() : HSMResponse : 0000BB0031202
[18:40:11] : HSMHelper.execute() : HSMCommand  : 0000DGU4F12B3A7123D83B504C9F06D899C5D6B312021020002213571
[18:40:11] : HSMHelper.execute() : HSMResponse : 0000DH000309
[18:40:11] : HSMHelper.execute() : HSMCommand  : 0000DCUB9322774320AB911EC740326592F688CU4F12B3A7123D83B504C9F06D899C5D6B60BC4EC98BF9921A0510200022135710309
[18:40:11] : HSMHelper.execute() : HSMResponse : 0000DD00
[18:40:11] : HSMHelper.execute() : HSMCommand  : 0000ECUB27EC3FAB16D5D4D0DFCC5C3246776E3U4F12B3A7123D83B504C9F06D899C5D6BA3CC37D07FEA57C90110200022135710309
[18:40:11] : HSMHelper.execute() : HSMResponse : 0000ED00
[18:40:11] : HSMHelper.execute() : HSMCommand  : 0000CU001 UB27EC3FAB16D5D4D0DFCC5C3246776E3U4F12B3A7123D83B504C9F06D899C5D6BA3CC37D07FEA57C90510200022135710309A3CC37D07FEA57C9
[18:40:11] : HSMHelper.execute() : HSMResponse : 0000CV26
[18:40:59] : HSMHelper.execute() : HSMCommand  : 0000BA5993F102000221357
[18:40:59] : HSMHelper.execute() : HSMResponse : 0000BB0031202
[18:40:59] : HSMHelper.execute() : HSMCommand  : 0000DGU4F12B3A7123D83B504C9F06D899C5D6B312021020002213571
[18:40:59] : HSMHelper.execute() : HSMResponse : 0000DH000309
[18:40:59] : HSMHelper.execute() : HSMCommand  : 0000DCUB9322774320AB911EC740326592F688CU4F12B3A7123D83B504C9F06D899C5D6B60BC4EC98BF9921A0510200022135710309
[18:40:59] : HSMHelper.execute() : HSMResponse : 0000DD00
[18:40:59] : HSMHelper.execute() : HSMCommand  : 0000ECUB27EC3FAB16D5D4D0DFCC5C3246776E3U4F12B3A7123D83B504C9F06D899C5D6BA3CC37D07FEA57C90110200022135710309
[18:40:59] : HSMHelper.execute() : HSMResponse : 0000ED00
[18:40:59] : HSMHelper.execute() : HSMCommand  : 0000CU002UB9322774320AB911EC740326592F688CU4F12B3A7123D83B504C9F06D899C5D6B60BC4EC98BF9921A051020002213571030960BC4EC98BF9921A
[18:40:59] : HSMHelper.execute() : HSMResponse : 0000CV000309
[18:42:07] : HSMHelper.execute() : HSMCommand  : 0000BA5993F102000221357
[18:42:07] : HSMHelper.execute() : HSMResponse : 0000BB0031202
[18:42:07] : HSMHelper.execute() : HSMCommand  : 0000DGU4F12B3A7123D83B504C9F06D899C5D6B312021020002213571
[18:42:08] : HSMHelper.execute() : HSMResponse : 0000DH000309
[18:42:08] : HSMHelper.execute() : HSMCommand  : 0000DCUB9322774320AB911EC740326592F688CU4F12B3A7123D83B504C9F06D899C5D6B60BC4EC98BF9921A0510200022135710309
[18:42:08] : HSMHelper.execute() : HSMResponse : 0000DD00
[18:42:08] : HSMHelper.execute() : HSMCommand  : 0000ECUB27EC3FAB16D5D4D0DFCC5C3246776E3U4F12B3A7123D83B504C9F06D899C5D6BA3CC37D07FEA57C90110200022135710309
[18:42:08] : HSMHelper.execute() : HSMResponse : 0000ED00
[18:42:08] : HSMHelper.execute() : HSMCommand  : 0000CU002UB9322774320AB911EC740326592F688CU4F12B3A7123D83B504C9F06D899C5D6B60BC4EC98BF9921A051020002213571030960BC4EC98BF9921A
[18:42:08] : HSMHelper.execute() : HSMResponse : 0000CV000309
[18:42:08] : HSMHelper.execute() : HSMCommand  : 0000CU001 UB27EC3FAB16D5D4D0DFCC5C3246776E3U4F12B3A7123D83B504C9F06D899C5D6BA3CC37D07FEA57C90510200022135710309A3CC37D07FEA57C9
[18:42:08] : HSMHelper.execute() : HSMResponse : 0000CV26
[18:42:36] : HSMHelper.execute() : HSMCommand  : 0000BA5993F102000221357
[18:42:36] : HSMHelper.execute() : HSMResponse : 0000BB0031202
[18:42:36] : HSMHelper.execute() : HSMCommand  : 0000DGU4F12B3A7123D83B504C9F06D899C5D6B312021020002213571
[18:42:36] : HSMHelper.execute() : HSMResponse : 0000DH000309
[18:42:36] : HSMHelper.execute() : HSMCommand  : 0000DCUB9322774320AB911EC740326592F688CU4F12B3A7123D83B504C9F06D899C5D6B60BC4EC98BF9921A0510200022135710309
[18:42:36] : HSMHelper.execute() : HSMResponse : 0000DD00
[18:42:36] : HSMHelper.execute() : HSMCommand  : 0000ECUB27EC3FAB16D5D4D0DFCC5C3246776E3U4F12B3A7123D83B504C9F06D899C5D6BA3CC37D07FEA57C90110200022135710309
[18:42:36] : HSMHelper.execute() : HSMResponse : 0000ED00
[18:42:36] : HSMHelper.execute() : HSMCommand  : 0000CU002UB9322774320AB911EC740326592F688CU4F12B3A7123D83B504C9F06D899C5D6B60BC4EC98BF9921A051020002213571030960BC4EC98BF9921A
[18:42:36] : HSMHelper.execute() : HSMResponse : 0000CV000309
[18:42:36] : HSMHelper.execute() : HSMCommand  : 0000CU001 UB27EC3FAB16D5D4D0DFCC5C3246776E3U4F12B3A7123D83B504C9F06D899C5D6BA3CC37D07FEA57C90110200022135710309A3CC37D07FEA57C9
[18:42:36] : HSMHelper.execute() : HSMResponse : 0000CV26
[18:44:57] : HSMHelper.execute() : HSMCommand  : 0000BA5993F102000221357
[18:44:57] : HSMHelper.execute() : HSMResponse : 0000BB0031202
[18:44:57] : HSMHelper.execute() : HSMCommand  : 0000DGU4F12B3A7123D83B504C9F06D899C5D6B312021020002213571
[18:44:57] : HSMHelper.execute() : HSMResponse : 0000DH000309
[18:44:57] : HSMHelper.execute() : HSMCommand  : 0000DCUB9322774320AB911EC740326592F688CU4F12B3A7123D83B504C9F06D899C5D6B60BC4EC98BF9921A0510200022135710309
[18:44:57] : HSMHelper.execute() : HSMResponse : 0000DD00
[18:44:57] : HSMHelper.execute() : HSMCommand  : 0000ECUB27EC3FAB16D5D4D0DFCC5C3246776E3U4F12B3A7123D83B504C9F06D899C5D6BA3CC37D07FEA57C90110200022135710309
[18:44:58] : HSMHelper.execute() : HSMResponse : 0000ED00
[18:44:58] : HSMHelper.execute() : HSMCommand  : 0000CU002UB9322774320AB911EC740326592F688CU4F12B3A7123D83B504C9F06D899C5D6B60BC4EC98BF9921A051020002213571030960BC4EC98BF9921A
[18:44:58] : HSMHelper.execute() : HSMResponse : 0000CV000309
[18:44:58] : HSMHelper.execute() : HSMCommand  : 0000CU001UB27EC3FAB16D5D4D0DFCC5C3246776E3U4F12B3A7123D83B504C9F06D899C5D6BA3CC37D07FEA57C90510200022135710309A3CC37D07FEA57C9
[18:44:58] : HSMHelper.execute() : HSMResponse : 0000CV20
[18:45:04] : HSMHelper.execute() : HSMCommand  : 0000BA5993F102000221357
[18:45:05] : HSMHelper.execute() : HSMResponse : 0000BB0031202
[18:45:05] : HSMHelper.execute() : HSMCommand  : 0000DGU4F12B3A7123D83B504C9F06D899C5D6B312021020002213571
[18:45:05] : HSMHelper.execute() : HSMResponse : 0000DH000309
[18:45:05] : HSMHelper.execute() : HSMCommand  : 0000DCUB9322774320AB911EC740326592F688CU4F12B3A7123D83B504C9F06D899C5D6B60BC4EC98BF9921A0510200022135710309
[18:45:05] : HSMHelper.execute() : HSMResponse : 0000DD00
[18:45:05] : HSMHelper.execute() : HSMCommand  : 0000ECUB27EC3FAB16D5D4D0DFCC5C3246776E3U4F12B3A7123D83B504C9F06D899C5D6BA3CC37D07FEA57C90110200022135710309
[18:45:05] : HSMHelper.execute() : HSMResponse : 0000ED00
[18:45:05] : HSMHelper.execute() : HSMCommand  : 0000CU002UB9322774320AB911EC740326592F688CU4F12B3A7123D83B504C9F06D899C5D6B60BC4EC98BF9921A051020002213571030960BC4EC98BF9921A
[18:45:05] : HSMHelper.execute() : HSMResponse : 0000CV000309
[18:45:05] : HSMHelper.execute() : HSMCommand  : 0000CU001UB27EC3FAB16D5D4D0DFCC5C3246776E3U4F12B3A7123D83B504C9F06D899C5D6BA3CC37D07FEA57C90110200022135710309A3CC37D07FEA57C9
[18:45:05] : HSMHelper.execute() : HSMResponse : 0000CV000309
