[15:51:05] : HSMHelper.execute() : HSMCommand  : 0000BA59931F102000221357
[15:51:05] : HSMHelper.execute() : HSMResponse : 0000BB15
[15:51:05] : HSMHelper.execute() : HSMCommand  : 0000DGU4F12B3A7123D83B504C9F06D899C5D6B1020002213571
[15:51:05] : HSMHelper.execute() : HSMResponse : 0000DH15
[15:51:05] : HSMHelper.execute() : HSMCommand  : 0000DCUB9322774320AB911EC740326592F688CU4F12B3A7123D83B504C9F06D899C5D6B60BC4EC98BF9921A051020002213571
[15:51:05] : HSMHelper.execute() : HSMResponse : 0000DD15
[15:51:05] : HSMHelper.execute() : HSMCommand  : 0000ECUB27EC3FAB16D5D4D0DFCC5C3246776E3U4F12B3A7123D83B504C9F06D899C5D6BA3CC37D07FEA57C9011020002213571
[15:51:05] : HSMHelper.execute() : HSMResponse : 0000ED15
[15:51:05] : HSMHelper.execute() : HSMCommand  : 0000CU002UB9322774320AB911EC740326592F688CU4F12B3A7123D83B504C9F06D899C5D6B60BC4EC98BF9921A05102000221357160BC4EC98BF9921A
[15:51:05] : HSMHelper.execute() : HSMResponse : 0000CV15
[15:51:05] : HSMHelper.execute() : HSMCommand  : 0000CU001UB27EC3FAB16D5D4D0DFCC5C3246776E3U4F12B3A7123D83B504C9F06D899C5D6BA3CC37D07FEA57C9011020002213571A3CC37D07FEA57C9
[15:51:05] : HSMHelper.execute() : HSMResponse : 0000CV15
[15:52:27] : HSMHelper.execute() : HSMCommand  : 0000BA59931F102000221357
[15:52:28] : HSMHelper.execute() : HSMResponse : 0000BB15
[15:52:28] : HSMHelper.execute() : HSMCommand  : 0000DGU4F12B3A7123D83B504C9F06D899C5D6B1020002213571
[15:52:28] : HSMHelper.execute() : HSMResponse : 0000DH15
[15:52:28] : HSMHelper.execute() : HSMCommand  : 0000DCUB9322774320AB911EC740326592F688CU4F12B3A7123D83B504C9F06D899C5D6B60BC4EC98BF9921A051020002213571
[15:52:28] : HSMHelper.execute() : HSMResponse : 0000DD15
[15:52:28] : HSMHelper.execute() : HSMCommand  : 0000ECUB27EC3FAB16D5D4D0DFCC5C3246776E3U4F12B3A7123D83B504C9F06D899C5D6BA3CC37D07FEA57C9011020002213571
[15:52:28] : HSMHelper.execute() : HSMResponse : 0000ED15
[15:52:28] : HSMHelper.execute() : HSMCommand  : 0000CU002UB9322774320AB911EC740326592F688CU4F12B3A7123D83B504C9F06D899C5D6B60BC4EC98BF9921A05102000221357160BC4EC98BF9921A
[15:52:28] : HSMHelper.execute() : HSMResponse : 0000CV15
[15:52:28] : HSMHelper.execute() : HSMCommand  : 0000CU001UB27EC3FAB16D5D4D0DFCC5C3246776E3U4F12B3A7123D83B504C9F06D899C5D6BA3CC37D07FEA57C9011020002213571A3CC37D07FEA57C9
[15:52:28] : HSMHelper.execute() : HSMResponse : 0000CV15
[15:53:37] : HSMHelper.execute() : HSMCommand  : 0000BA5993F102000221357
[15:53:37] : HSMHelper.execute() : HSMResponse : 0000BB0031202
[15:53:37] : HSMHelper.execute() : HSMCommand  : 0000DGU4F12B3A7123D83B504C9F06D899C5D6B312021020002213571
[15:53:37] : HSMHelper.execute() : HSMResponse : 0000DH000309
[15:53:37] : HSMHelper.execute() : HSMCommand  : 0000DCUB9322774320AB911EC740326592F688CU4F12B3A7123D83B504C9F06D899C5D6B60BC4EC98BF9921A0510200022135710309
[15:53:37] : HSMHelper.execute() : HSMResponse : 0000DD00
[15:53:37] : HSMHelper.execute() : HSMCommand  : 0000ECUB27EC3FAB16D5D4D0DFCC5C3246776E3U4F12B3A7123D83B504C9F06D899C5D6BA3CC37D07FEA57C90110200022135710309
[15:53:37] : HSMHelper.execute() : HSMResponse : 0000ED00
[15:53:37] : HSMHelper.execute() : HSMCommand  : 0000CU002UB9322774320AB911EC740326592F688CU4F12B3A7123D83B504C9F06D899C5D6B60BC4EC98BF9921A051020002213571030960BC4EC98BF9921A
[15:53:37] : HSMHelper.execute() : HSMResponse : 0000CV000309
[15:53:37] : HSMHelper.execute() : HSMCommand  : 0000CU001UB27EC3FAB16D5D4D0DFCC5C3246776E3U4F12B3A7123D83B504C9F06D899C5D6BA3CC37D07FEA57C90110200022135710309A3CC37D07FEA57C9
[15:53:37] : HSMHelper.execute() : HSMResponse : 0000CV000309
[16:32:59] : HSMHelper.execute() : HSMCommand  : 0000BA5993F102000221357
[16:32:59] : HSMHelper.execute() : HSMResponse : 0000BB0031202
[16:32:59] : HSMHelper.execute() : HSMCommand  : 0000DGU4F12B3A7123D83B504C9F06D899C5D6B312021020002213571
[16:32:59] : HSMHelper.execute() : HSMResponse : 0000DH000309
[16:32:59] : HSMHelper.execute() : HSMCommand  : 0000DCUB9322774320AB911EC740326592F688CU4F12B3A7123D83B504C9F06D899C5D6B60BC4EC98BF9921A0510200022135710309
[16:32:59] : HSMHelper.execute() : HSMResponse : 0000DD00
[16:32:59] : HSMHelper.execute() : HSMCommand  : 0000ECUB27EC3FAB16D5D4D0DFCC5C3246776E3U4F12B3A7123D83B504C9F06D899C5D6BA3CC37D07FEA57C90110200022135710309
[16:32:59] : HSMHelper.execute() : HSMResponse : 0000ED00
[16:32:59] : HSMHelper.execute() : HSMCommand  : 0000CU002UB9322774320AB911EC740326592F688CU4F12B3A7123D83B504C9F06D899C5D6B60BC4EC98BF9921A051020002213571030960BC4EC98BF9921A
[16:32:59] : HSMHelper.execute() : HSMResponse : 0000CV000309
[16:32:59] : HSMHelper.execute() : HSMCommand  : 0000CU001UB27EC3FAB16D5D4D0DFCC5C3246776E3U4F12B3A7123D83B504C9F06D899C5D6BA3CC37D07FEA57C90110200022135710309A3CC37D07FEA57C9
[16:32:59] : HSMHelper.execute() : HSMResponse : 0000CV000309
[16:44:51] : HSMHelper.execute() : HSMCommand  : 0000A01002U;0U7BCEFD84EB855C60CB45F036F2FA63F1U
[16:44:51] : HSMHelper.execute() : HSMResponse : 0000A100U3A45E3D6CC61A01B5A9C1075F73ABE4AU84106C7BA8F0A7D61E9756EE1F24F09488D231
[16:48:38] : HSMHelper.execute() : HSMCommand  : 0000A01002U;0U7BCEFD84EB855C60CB45F036F2FA63F1X
[16:48:39] : HSMHelper.execute() : HSMResponse : 0000A100UB6AB97101484A416D24F1E732CB556F6X3229DE2E3E504623F81C3299DC8FEF6AF50C5E
[16:51:16] : HSMHelper.execute() : HSMCommand  : 0000A01002U;0U7BCEFD84EB855C60CB45F036F2FA63F1T
[16:51:16] : HSMHelper.execute() : HSMResponse : 0000A127
[16:51:31] : HSMHelper.execute() : HSMCommand  : 0000A01002T;0U7BCEFD84EB855C60CB45F036F2FA63F1T
[16:51:31] : HSMHelper.execute() : HSMResponse : 0000A100TCC5513E2A2413DBC5D83B18B07C6900E187FD58766532C3BT0DFA549515AE2F18632EE9B8CAC4AA82C960539756DB9842678CD9
[18:11:07] : HSMHelper.execute() : HSMCommand  : 0000BA5993F102000221357
[18:11:07] : HSMHelper.execute() : HSMResponse : 0000BB0031202
[18:11:07] : HSMHelper.execute() : HSMCommand  : 0000DGU4F12B3A7123D83B504C9F06D899C5D6B312021020002213571
[18:11:07] : HSMHelper.execute() : HSMResponse : 0000DH000309
[18:11:07] : HSMHelper.execute() : HSMCommand  : 0000DCUB9322774320AB911EC740326592F688CU4F12B3A7123D83B504C9F06D899C5D6B60BC4EC98BF9921A0510200022135710309
[18:11:07] : HSMHelper.execute() : HSMResponse : 0000DD00
[18:11:07] : HSMHelper.execute() : HSMCommand  : 0000ECUB27EC3FAB16D5D4D0DFCC5C3246776E3U4F12B3A7123D83B504C9F06D899C5D6BA3CC37D07FEA57C90110200022135710309
[18:11:08] : HSMHelper.execute() : HSMResponse : 0000ED00
[18:11:08] : HSMHelper.execute() : HSMCommand  : 0000CU002UB9322774320AB911EC740326592F688CU4F12B3A7123D83B504C9F06D899C5D6B60BC4EC98BF9921A051020002213571030960BC4EC98BF9921A
[18:11:08] : HSMHelper.execute() : HSMResponse : 0000CV000309
[18:11:08] : HSMHelper.execute() : HSMCommand  : 0000CU001UB27EC3FAB16D5D4D0DFCC5C3246776E3U4F12B3A7123D83B504C9F06D899C5D6BA3CC37D07FEA57C90110200022135710309A3CC37D07FEA57C9
[18:11:08] : HSMHelper.execute() : HSMResponse : 0000CV000309
