[01:36:27] : HSMHelper.execute() : HSMCommand  : 0000GO0UE7F7DF56E31E9FCD230C030D88DB03274385B5DB5AEAF809009110000F15CAD88000006823568C1C2F2B12D010482101000000401234567890123456078210100N01371FFFFFFFF
[01:36:27] : HSMHelper.execute() : HSMResponse : 0000GP15
[01:36:38] : HSMHelper.execute() : HSMCommand  : 0000GO0UE7F7DF56E31E9FCD230C030D88DB03274385B5DB5AEAF809609110000F15CAD88000006823568C1C2F2B12D010482101000000401234567890123456078210100N01371FFFFFFFF
[01:36:38] : HSMHelper.execute() : HSMResponse : 0000GP10
[01:36:50] : HSMHelper.execute() : HSMCommand  : 0000GO0UE7F7DF56E31E9FCD230C030D88DB03274385B5DB5AEAF809009110000F15CAD88000006823568C1C2F2B12D010482101000000401234567890123456078210100N01371FFFFFFFF
[01:36:50] : HSMHelper.execute() : HSMResponse : 0000GP15
[12:01:11] : HSMHelper.execute() : HSMCommand  : 0000GO0UE7F7DF56E31E9FCD230C030D88DB03274385B5DB5AEAF809609110000F15CAD88000006823568C1C2F2B12D010482101000000401234567890123456078210100N01371FFFFFFFF
[12:01:11] : HSMHelper.execute() : HSMResponse : 0000GP10
[12:32:20] : HSMHelper.execute() : HSMCommand  : 0000BA1234F607050000131
[12:32:20] : HSMHelper.execute() : HSMResponse : 0000BB0017532
[12:32:20] : HSMUtils.getPinOffset() : Intermediate Pin : 17532
[12:32:20] : HSMHelper.execute() : HSMCommand  : 0000DE4385B5DB5AEAF809175320460705000013101234567890123450036070500N9
[12:32:20] : HSMHelper.execute() : HSMResponse : 0000DF001137FFFFFFFF
[12:33:43] : HSMHelper.execute() : HSMCommand  : 0000GO0UB387DC23B416D398F17E431C3CB72B934385B5DB5AEAF809609110000F15CAD8800013AE27FB9E8B57C9AC0010460705000013101234567890123450036070500N91137FFFFFFFF
[12:33:43] : HSMHelper.execute() : HSMResponse : 0000GP00
[12:39:52] : HSMHelper.execute() : HSMCommand  : 0000BA1234F821010000004
[12:39:52] : HSMHelper.execute() : HSMResponse : 0000BB0052915
[12:39:52] : HSMUtils.getPinOffset() : Intermediate Pin : 52915
[12:39:52] : HSMHelper.execute() : HSMCommand  : 0000DE4385B5DB5AEAF809529150482101000000401234567890123456078210100N0
[12:39:52] : HSMHelper.execute() : HSMResponse : 0000DF001371FFFFFFFF
[12:39:52] : HSMHelper.execute() : HSMCommand  : 0000GO0UE7F7DF56E31E9FCD230C030D88DB03274385B5DB5AEAF809609110000F15CAD88000006823568C1C2F2B12D010482101000000401234567890123456078210100N01137FFFFFFFF
[12:39:52] : HSMHelper.execute() : HSMResponse : 0000GP10
[12:40:01] : HSMHelper.execute() : HSMCommand  : 0000GO0UE7F7DF56E31E9FCD230C030D88DB03274385B5DB5AEAF809609110000F15CAD88000006823568C1C2F2B12D010482101000000401234567890123456078210100N01371FFFFFFFF
[12:40:01] : HSMHelper.execute() : HSMResponse : 0000GP10
[15:37:59] : HSMHelper.execute() : HSMCommand  : 0000BA1234F821010000004
[15:37:59] : HSMHelper.execute() : HSMResponse : 0000BB0052915
[15:37:59] : HSMUtils.getPinOffset() : Intermediate Pin : 52915
[15:37:59] : HSMHelper.execute() : HSMCommand  : 0000DE4385B5DB5AEAF809529150482101000000401234567890123456078210100N0
[15:37:59] : HSMHelper.execute() : HSMResponse : 0000DF001371FFFFFFFF
[15:37:59] : HSMHelper.execute() : HSMCommand  : 0000GO0UE7F7DF56E31E9FCD230C030D88DB03274385B5DB5AEAF809609110000F15CAD88000006823568C1C2F2B12D010482101000000401234567890123456078210100N01371FFFFFFFF
[15:37:59] : HSMHelper.execute() : HSMResponse : 0000GP10
[15:41:16] : HSMHelper.execute() : HSMCommand  : 0000BA1111F821010000004
[15:41:16] : HSMHelper.execute() : HSMResponse : 0000BB0044305
[15:41:16] : HSMUtils.getPinOffset() : Intermediate Pin : 44305
[15:41:16] : HSMHelper.execute() : HSMCommand  : 0000DE4385B5DB5AEAF809443050482101000000401234567890123456078210100N0
[15:41:16] : HSMHelper.execute() : HSMResponse : 0000DF001258FFFFFFFF
[15:41:16] : HSMHelper.execute() : HSMCommand  : 0000GO0UE7F7DF56E31E9FCD230C030D88DB03274385B5DB5AEAF809609110000F15CAD88000006823568C1C2F2B12D010482101000000401234567890123456078210100N01371FFFFFFFF
[15:41:16] : HSMHelper.execute() : HSMResponse : 0000GP10
[15:41:23] : HSMHelper.execute() : HSMCommand  : 0000BA1111F821010000004
[15:41:23] : HSMHelper.execute() : HSMResponse : 0000BB0044305
[15:41:23] : HSMUtils.getPinOffset() : Intermediate Pin : 44305
[15:41:23] : HSMHelper.execute() : HSMCommand  : 0000DE4385B5DB5AEAF809443050482101000000401234567890123456078210100N0
[15:41:23] : HSMHelper.execute() : HSMResponse : 0000DF001258FFFFFFFF
[15:41:23] : HSMHelper.execute() : HSMCommand  : 0000GO0UE7F7DF56E31E9FCD230C030D88DB03274385B5DB5AEAF809609110000F15CAD88000006823568C1C2F2B12D010482101000000401234567890123456078210100N01258FFFFFFFF
[15:41:23] : HSMHelper.execute() : HSMResponse : 0000GP10
