[03:25:39] : HSMHelper.execute() : HSMCommand  : 0000JK
[03:25:39] : HSMHelper.execute() : HSMResponse : 0000JL00B4665309915J170616035212112333101000000101V0LSIL PROD LMK00
[03:25:53] : HSMHelper.execute() : HSMCommand  : 0000JK
[03:25:53] : HSMHelper.execute() : HSMResponse : 0000JL00B4665309915J170616035226112333101000000101V0LSIL PROD LMK00
[03:26:11] : HSMHelper.execute() : HSMCommand  : 0000BA5993F102000221357
[03:26:11] : HSMHelper.execute() : HSMResponse : 0000BB0031202
[03:26:11] : HSMHelper.execute() : HSMCommand  : 0000DGU4F12B3A7123D83B504C9F06D899C5D6B312021020002213571
[03:26:11] : HSMHelper.execute() : HSMResponse : 0000DH000309
[03:26:11] : HSMHelper.execute() : HSMCommand  : 0000DCUB9322774320AB911EC740326592F688CU4F12B3A7123D83B504C9F06D899C5D6B60BC4EC98BF9921A0510200022135710309
[03:26:11] : HSMHelper.execute() : HSMResponse : 0000DD00
[03:26:11] : HSMHelper.execute() : HSMCommand  : 0000ECUB27EC3FAB16D5D4D0DFCC5C3246776E3U4F12B3A7123D83B504C9F06D899C5D6BA3CC37D07FEA57C90110200022135710309
[03:26:11] : HSMHelper.execute() : HSMResponse : 0000ED00
[03:26:11] : HSMHelper.execute() : HSMCommand  : 0000CU002UB9322774320AB911EC740326592F688CU4F12B3A7123D83B504C9F06D899C5D6B60BC4EC98BF9921A051020002213571030960BC4EC98BF9921A
[03:26:11] : HSMHelper.execute() : HSMResponse : 0000CV000309
[03:26:11] : HSMHelper.execute() : HSMCommand  : 0000CU001UB27EC3FAB16D5D4D0DFCC5C3246776E3U4F12B3A7123D83B504C9F06D899C5D6BA3CC37D07FEA57C90110200022135710309A3CC37D07FEA57C9
[03:26:11] : HSMHelper.execute() : HSMResponse : 0000CV000309
[03:40:10] : HSMHelper.execute() : HSMCommand  : 0000BA5993F102000221357
[03:40:10] : HSMHelper.execute() : HSMResponse : 0000BB0031202
[03:40:10] : HSMHelper.execute() : HSMCommand  : 0000DGU4F12B3A7123D83B504C9F06D899C5D6B312021020002213571
[03:40:10] : HSMHelper.execute() : HSMResponse : 0000DH000309
[03:40:10] : HSMHelper.execute() : HSMCommand  : 0000DCUB9322774320AB911EC740326592F688CU4F12B3A7123D83B504C9F06D899C5D6B60BC4EC98BF9921A0510200022135710309
[03:40:10] : HSMHelper.execute() : HSMResponse : 0000DD00
[03:40:10] : HSMHelper.execute() : HSMCommand  : 0000ECUB27EC3FAB16D5D4D0DFCC5C3246776E3U4F12B3A7123D83B504C9F06D899C5D6BA3CC37D07FEA57C90110200022135710309
[03:40:10] : HSMHelper.execute() : HSMResponse : 0000ED00
[03:40:10] : HSMHelper.execute() : HSMCommand  : 0000CU002UB9322774320AB911EC740326592F688CU4F12B3A7123D83B504C9F06D899C5D6B60BC4EC98BF9921A051020002213571030960BC4EC98BF9921A
[03:40:10] : HSMHelper.execute() : HSMResponse : 0000CV000309
[03:40:10] : HSMHelper.execute() : HSMCommand  : 0000CU001UB27EC3FAB16D5D4D0DFCC5C3246776E3U4F12B3A7123D83B504C9F06D899C5D6BA3CC37D07FEA57C90110200022135710309A3CC37D07FEA57C9
[03:40:10] : HSMHelper.execute() : HSMResponse : 0000CV000309
[03:40:10] : HSMHelper.execute() : HSMCommand  : 0000CU001UD86B1C848B6FD98DC7AAD340DE33E25EU4F12B3A7123D83B504C9F06D899C5D6B925428768823B2B00110200022135217E2B96DDCF4F24E2
[03:40:10] : HSMHelper.execute() : HSMResponse : 0000CV15
[03:41:11] : HSMHelper.execute() : HSMCommand  : 0000BA5993F102000221357
[03:41:11] : HSMHelper.execute() : HSMResponse : 0000BB0031202
[03:41:11] : HSMHelper.execute() : HSMCommand  : 0000DGU4F12B3A7123D83B504C9F06D899C5D6B312021020002213571
[03:41:11] : HSMHelper.execute() : HSMResponse : 0000DH000309
[03:41:11] : HSMHelper.execute() : HSMCommand  : 0000DCUB9322774320AB911EC740326592F688CU4F12B3A7123D83B504C9F06D899C5D6B60BC4EC98BF9921A0510200022135710309
[03:41:11] : HSMHelper.execute() : HSMResponse : 0000DD00
[03:41:11] : HSMHelper.execute() : HSMCommand  : 0000ECUB27EC3FAB16D5D4D0DFCC5C3246776E3U4F12B3A7123D83B504C9F06D899C5D6BA3CC37D07FEA57C90110200022135710309
[03:41:11] : HSMHelper.execute() : HSMResponse : 0000ED00
[03:41:11] : HSMHelper.execute() : HSMCommand  : 0000CU002UB9322774320AB911EC740326592F688CU4F12B3A7123D83B504C9F06D899C5D6B60BC4EC98BF9921A051020002213571030960BC4EC98BF9921A
[03:41:11] : HSMHelper.execute() : HSMResponse : 0000CV000309
[03:41:11] : HSMHelper.execute() : HSMCommand  : 0000CU001UB27EC3FAB16D5D4D0DFCC5C3246776E3U4F12B3A7123D83B504C9F06D899C5D6BA3CC37D07FEA57C90110200022135710309A3CC37D07FEA57C9
[03:41:11] : HSMHelper.execute() : HSMResponse : 0000CV000309
[03:41:11] : HSMHelper.execute() : HSMCommand  : 0000CU001UD86B1C848B6FD98DC7AAD340DE33E25EU4F12B3A7123D83B504C9F06D899C5D6B925428768823B2B001102000221352140097E2B96DDCF4F24E2
[03:41:11] : HSMHelper.execute() : HSMResponse : 0000CV01
[03:43:40] : HSMHelper.execute() : HSMCommand  : 0000BA5993F102000221357
[03:43:40] : HSMHelper.execute() : HSMResponse : 0000BB0031202
[03:43:40] : HSMHelper.execute() : HSMCommand  : 0000DGU4F12B3A7123D83B504C9F06D899C5D6B312021020002213571
[03:43:40] : HSMHelper.execute() : HSMResponse : 0000DH000309
[03:43:40] : HSMHelper.execute() : HSMCommand  : 0000DCUB9322774320AB911EC740326592F688CU4F12B3A7123D83B504C9F06D899C5D6B60BC4EC98BF9921A0510200022135710309
[03:43:40] : HSMHelper.execute() : HSMResponse : 0000DD00
[03:43:40] : HSMHelper.execute() : HSMCommand  : 0000ECUB27EC3FAB16D5D4D0DFCC5C3246776E3U4F12B3A7123D83B504C9F06D899C5D6BA3CC37D07FEA57C90110200022135710309
[03:43:41] : HSMHelper.execute() : HSMResponse : 0000ED00
[03:43:41] : HSMHelper.execute() : HSMCommand  : 0000CU002UB9322774320AB911EC740326592F688CU4F12B3A7123D83B504C9F06D899C5D6B60BC4EC98BF9921A051020002213571030960BC4EC98BF9921A
[03:43:41] : HSMHelper.execute() : HSMResponse : 0000CV000309
[03:43:41] : HSMHelper.execute() : HSMCommand  : 0000CU001UB27EC3FAB16D5D4D0DFCC5C3246776E3U4F12B3A7123D83B504C9F06D899C5D6BA3CC37D07FEA57C90110200022135710309A3CC37D07FEA57C9
[03:43:41] : HSMHelper.execute() : HSMResponse : 0000CV000309
[03:43:41] : HSMHelper.execute() : HSMCommand  : 0000CU001UD86B1C848B6FD98DC7AAD340DE33E25EU4F12B3A7123D83B504C9F06D899C5D6B9102002000302B001102000221352140097E2B96DDCF4F24E2
[03:43:41] : HSMHelper.execute() : HSMResponse : 0000CV15
[03:50:44] : HSMHelper.execute() : HSMCommand  : 0000BA5993F102000221357
[03:50:44] : HSMHelper.execute() : HSMResponse : 0000BB0031202
[03:50:44] : HSMHelper.execute() : HSMCommand  : 0000DGU4F12B3A7123D83B504C9F06D899C5D6B312021020002213571
[03:50:44] : HSMHelper.execute() : HSMResponse : 0000DH000309
[03:50:44] : HSMHelper.execute() : HSMCommand  : 0000DCUB9322774320AB911EC740326592F688CU4F12B3A7123D83B504C9F06D899C5D6B60BC4EC98BF9921A0510200022135710309
[03:50:44] : HSMHelper.execute() : HSMResponse : 0000DD00
[03:50:44] : HSMHelper.execute() : HSMCommand  : 0000ECUB27EC3FAB16D5D4D0DFCC5C3246776E3U4F12B3A7123D83B504C9F06D899C5D6BA3CC37D07FEA57C90110200022135710309
[03:50:44] : HSMHelper.execute() : HSMResponse : 0000ED00
[03:50:44] : HSMHelper.execute() : HSMCommand  : 0000CU002UB9322774320AB911EC740326592F688CU4F12B3A7123D83B504C9F06D899C5D6B60BC4EC98BF9921A051020002213571030960BC4EC98BF9921A
[03:50:44] : HSMHelper.execute() : HSMResponse : 0000CV000309
[03:50:44] : HSMHelper.execute() : HSMCommand  : 0000CU001UB27EC3FAB16D5D4D0DFCC5C3246776E3U4F12B3A7123D83B504C9F06D899C5D6BA3CC37D07FEA57C90110200022135710309A3CC37D07FEA57C9
[03:50:44] : HSMHelper.execute() : HSMResponse : 0000CV000309
[03:50:44] : HSMHelper.execute() : HSMCommand  : 0000DC001UD86B1C848B6FD98DC7AAD340DE33E25EU4F12B3A7123D83B504C9F06D899C5D6B925428768823B2B00110200022135217E2B400996DDCF4F24E2
[03:50:44] : HSMHelper.execute() : HSMResponse : 0000DD15
[03:50:58] : HSMHelper.execute() : HSMCommand  : 0000BA5993F102000221357
[03:50:58] : HSMHelper.execute() : HSMResponse : 0000BB0031202
[03:50:58] : HSMHelper.execute() : HSMCommand  : 0000DGU4F12B3A7123D83B504C9F06D899C5D6B312021020002213571
[03:50:58] : HSMHelper.execute() : HSMResponse : 0000DH000309
[03:50:58] : HSMHelper.execute() : HSMCommand  : 0000DCUB9322774320AB911EC740326592F688CU4F12B3A7123D83B504C9F06D899C5D6B60BC4EC98BF9921A0510200022135710309
[03:50:58] : HSMHelper.execute() : HSMResponse : 0000DD00
[03:50:58] : HSMHelper.execute() : HSMCommand  : 0000ECUB27EC3FAB16D5D4D0DFCC5C3246776E3U4F12B3A7123D83B504C9F06D899C5D6BA3CC37D07FEA57C90110200022135710309
[03:50:58] : HSMHelper.execute() : HSMResponse : 0000ED00
[03:50:58] : HSMHelper.execute() : HSMCommand  : 0000CU002UB9322774320AB911EC740326592F688CU4F12B3A7123D83B504C9F06D899C5D6B60BC4EC98BF9921A051020002213571030960BC4EC98BF9921A
[03:50:58] : HSMHelper.execute() : HSMResponse : 0000CV000309
[03:50:58] : HSMHelper.execute() : HSMCommand  : 0000CU001UB27EC3FAB16D5D4D0DFCC5C3246776E3U4F12B3A7123D83B504C9F06D899C5D6BA3CC37D07FEA57C90110200022135710309A3CC37D07FEA57C9
[03:50:58] : HSMHelper.execute() : HSMResponse : 0000CV000309
[03:50:58] : HSMHelper.execute() : HSMCommand  : 0000CU001UD86B1C848B6FD98DC7AAD340DE33E25EU4F12B3A7123D83B504C9F06D899C5D6B925428768823B2B00110200022135217E2B400996DDCF4F24E2
[03:50:58] : HSMHelper.execute() : HSMResponse : 0000CV01
[03:53:17] : HSMHelper.execute() : HSMCommand  : 0000BA5993F102000221357
[03:53:17] : HSMHelper.execute() : HSMResponse : 0000BB0031202
[03:53:17] : HSMHelper.execute() : HSMCommand  : 0000DGU4F12B3A7123D83B504C9F06D899C5D6B312021020002213571
[03:53:17] : HSMHelper.execute() : HSMResponse : 0000DH000309
[03:53:17] : HSMHelper.execute() : HSMCommand  : 0000DCUB9322774320AB911EC740326592F688CU4F12B3A7123D83B504C9F06D899C5D6B60BC4EC98BF9921A0510200022135710309
[03:53:17] : HSMHelper.execute() : HSMResponse : 0000DD00
[03:53:17] : HSMHelper.execute() : HSMCommand  : 0000ECUB27EC3FAB16D5D4D0DFCC5C3246776E3U4F12B3A7123D83B504C9F06D899C5D6BA3CC37D07FEA57C90110200022135710309
[03:53:17] : HSMHelper.execute() : HSMResponse : 0000ED00
[03:53:17] : HSMHelper.execute() : HSMCommand  : 0000CU002UB9322774320AB911EC740326592F688CU4F12B3A7123D83B504C9F06D899C5D6B60BC4EC98BF9921A051020002213571030960BC4EC98BF9921A
[03:53:17] : HSMHelper.execute() : HSMResponse : 0000CV000309
[03:53:17] : HSMHelper.execute() : HSMCommand  : 0000CU001UB27EC3FAB16D5D4D0DFCC5C3246776E3U4F12B3A7123D83B504C9F06D899C5D6BA3CC37D07FEA57C90110200022135710309A3CC37D07FEA57C9
[03:53:17] : HSMHelper.execute() : HSMResponse : 0000CV000309
[03:53:17] : HSMHelper.execute() : HSMCommand  : 0000CU001UD86B1C848B6FD98DC7AAD340DE33E25EU4F12B3A7123D83B504C9F06D899C5D6B925428768823B2B00110200022135217E2B400996DDCF4F24E2
[03:53:17] : HSMHelper.execute() : HSMResponse : 0000CV01
[03:53:17] : HSMHelper.execute() : HSMCommand  : 0000ECUD86B1C848B6FD98DC7AAD340DE33E25EU4F12B3A7123D83B504C9F06D899C5D6B925428768823B2B00110200022135214009
[03:53:18] : HSMHelper.execute() : HSMResponse : 0000ED01
[04:04:27] : HSMHelper.execute() : HSMCommand  : 0000BA5993F102000221357
[04:04:27] : HSMHelper.execute() : HSMResponse : 0000BB0031202
[04:04:27] : HSMHelper.execute() : HSMCommand  : 0000DGU4F12B3A7123D83B504C9F06D899C5D6B312021020002213571
[04:04:27] : HSMHelper.execute() : HSMResponse : 0000DH000309
[04:04:27] : HSMHelper.execute() : HSMCommand  : 0000DCUB9322774320AB911EC740326592F688CU4F12B3A7123D83B504C9F06D899C5D6B60BC4EC98BF9921A0510200022135710309
[04:04:27] : HSMHelper.execute() : HSMResponse : 0000DD00
[04:04:27] : HSMHelper.execute() : HSMCommand  : 0000ECUB27EC3FAB16D5D4D0DFCC5C3246776E3U4F12B3A7123D83B504C9F06D899C5D6BA3CC37D07FEA57C90110200022135710309
[04:04:27] : HSMHelper.execute() : HSMResponse : 0000ED00
[04:04:27] : HSMHelper.execute() : HSMCommand  : 0000CU002UB9322774320AB911EC740326592F688CU4F12B3A7123D83B504C9F06D899C5D6B60BC4EC98BF9921A051020002213571030960BC4EC98BF9921A
[04:04:27] : HSMHelper.execute() : HSMResponse : 0000CV000309
[04:04:27] : HSMHelper.execute() : HSMCommand  : 0000CU001UB27EC3FAB16D5D4D0DFCC5C3246776E3U4F12B3A7123D83B504C9F06D899C5D6BA3CC37D07FEA57C90110200022135710309A3CC37D07FEA57C9
[04:04:27] : HSMHelper.execute() : HSMResponse : 0000CV000309
[04:04:27] : HSMHelper.execute() : HSMCommand  : 0000DC001UB27EC3FAB16D5D4D0DFCC5C3246776E3U4F12B3A7123D83B504C9F06D899C5D6B7905D63257273DD30110200022135217905D63257273DD3
[04:04:27] : HSMHelper.execute() : HSMResponse : 0000DD15
[04:04:47] : HSMHelper.execute() : HSMCommand  : 0000BA5993F102000221357
[04:04:47] : HSMHelper.execute() : HSMResponse : 0000BB0031202
[04:04:47] : HSMHelper.execute() : HSMCommand  : 0000DGU4F12B3A7123D83B504C9F06D899C5D6B312021020002213571
[04:04:47] : HSMHelper.execute() : HSMResponse : 0000DH000309
[04:04:47] : HSMHelper.execute() : HSMCommand  : 0000DCUB9322774320AB911EC740326592F688CU4F12B3A7123D83B504C9F06D899C5D6B60BC4EC98BF9921A0510200022135710309
[04:04:47] : HSMHelper.execute() : HSMResponse : 0000DD00
[04:04:47] : HSMHelper.execute() : HSMCommand  : 0000ECUB27EC3FAB16D5D4D0DFCC5C3246776E3U4F12B3A7123D83B504C9F06D899C5D6BA3CC37D07FEA57C90110200022135710309
[04:04:47] : HSMHelper.execute() : HSMResponse : 0000ED00
[04:04:47] : HSMHelper.execute() : HSMCommand  : 0000CU002UB9322774320AB911EC740326592F688CU4F12B3A7123D83B504C9F06D899C5D6B60BC4EC98BF9921A051020002213571030960BC4EC98BF9921A
[04:04:47] : HSMHelper.execute() : HSMResponse : 0000CV000309
[04:04:47] : HSMHelper.execute() : HSMCommand  : 0000CU001UB27EC3FAB16D5D4D0DFCC5C3246776E3U4F12B3A7123D83B504C9F06D899C5D6BA3CC37D07FEA57C90110200022135710309A3CC37D07FEA57C9
[04:04:47] : HSMHelper.execute() : HSMResponse : 0000CV000309
[04:04:47] : HSMHelper.execute() : HSMCommand  : 0000CU001UB27EC3FAB16D5D4D0DFCC5C3246776E3U4F12B3A7123D83B504C9F06D899C5D6B7905D63257273DD30110200022135217905D63257273DD3
[04:04:47] : HSMHelper.execute() : HSMResponse : 0000CV15
[04:05:10] : HSMHelper.execute() : HSMCommand  : 0000BA5993F102000221357
[04:05:10] : HSMHelper.execute() : HSMResponse : 0000BB0031202
[04:05:10] : HSMHelper.execute() : HSMCommand  : 0000DGU4F12B3A7123D83B504C9F06D899C5D6B312021020002213571
[04:05:11] : HSMHelper.execute() : HSMResponse : 0000DH000309
[04:05:11] : HSMHelper.execute() : HSMCommand  : 0000DCUB9322774320AB911EC740326592F688CU4F12B3A7123D83B504C9F06D899C5D6B60BC4EC98BF9921A0510200022135710309
[04:05:11] : HSMHelper.execute() : HSMResponse : 0000DD00
[04:05:11] : HSMHelper.execute() : HSMCommand  : 0000ECUB27EC3FAB16D5D4D0DFCC5C3246776E3U4F12B3A7123D83B504C9F06D899C5D6BA3CC37D07FEA57C90110200022135710309
[04:05:11] : HSMHelper.execute() : HSMResponse : 0000ED00
[04:05:11] : HSMHelper.execute() : HSMCommand  : 0000CU002UB9322774320AB911EC740326592F688CU4F12B3A7123D83B504C9F06D899C5D6B60BC4EC98BF9921A051020002213571030960BC4EC98BF9921A
[04:05:11] : HSMHelper.execute() : HSMResponse : 0000CV000309
[04:05:11] : HSMHelper.execute() : HSMCommand  : 0000CU001UB27EC3FAB16D5D4D0DFCC5C3246776E3U4F12B3A7123D83B504C9F06D899C5D6BA3CC37D07FEA57C90110200022135710309A3CC37D07FEA57C9
[04:05:11] : HSMHelper.execute() : HSMResponse : 0000CV000309
[04:37:28] : HSMHelper.execute() : HSMCommand  : 0000BA5993F102000221357
[04:37:28] : HSMHelper.execute() : HSMResponse : 0000BB0031202
[04:37:28] : HSMHelper.execute() : HSMCommand  : 0000DGU4F12B3A7123D83B504C9F06D899C5D6B312021020002213571
[04:37:28] : HSMHelper.execute() : HSMResponse : 0000DH000309
[04:37:28] : HSMHelper.execute() : HSMCommand  : 0000DCUB9322774320AB911EC740326592F688CU4F12B3A7123D83B504C9F06D899C5D6B60BC4EC98BF9921A0510200022135710309
[04:37:28] : HSMHelper.execute() : HSMResponse : 0000DD00
[04:37:28] : HSMHelper.execute() : HSMCommand  : 0000ECUB27EC3FAB16D5D4D0DFCC5C3246776E3U4F12B3A7123D83B504C9F06D899C5D6BA3CC37D07FEA57C90110200022135710309
[04:37:28] : HSMHelper.execute() : HSMResponse : 0000ED00
[04:37:28] : HSMHelper.execute() : HSMCommand  : 0000CU002UB9322774320AB911EC740326592F688CU4F12B3A7123D83B504C9F06D899C5D6B60BC4EC98BF9921A051020002213571030960BC4EC98BF9921A
[04:37:28] : HSMHelper.execute() : HSMResponse : 0000CV000309
[04:37:28] : HSMHelper.execute() : HSMCommand  : 0000CU001UB27EC3FAB16D5D4D0DFCC5C3246776E3U4F12B3A7123D83B504C9F06D899C5D6BA3CC37D07FEA57C90110200022135710309A3CC37D07FEA57C9
[04:37:28] : HSMHelper.execute() : HSMResponse : 0000CV000309
[04:37:28] : HSMHelper.execute() : HSMCommand  : 0000BA1111F102000221352
[04:37:28] : HSMHelper.execute() : HSMResponse : 0000BB0007306
[04:37:28] : HSMHelper.execute() : HSMCommand  : 0000DGU4F12B3A7123D83B504C9F06D899C5D6B073061020002213521
[04:37:29] : HSMHelper.execute() : HSMResponse : 0000DH009858
[04:38:03] : HSMHelper.execute() : HSMCommand  : 0000BA5993F102000221357
[04:38:03] : HSMHelper.execute() : HSMResponse : 0000BB0031202
[04:38:03] : HSMHelper.execute() : HSMCommand  : 0000DGU4F12B3A7123D83B504C9F06D899C5D6B312021020002213571
[04:38:03] : HSMHelper.execute() : HSMResponse : 0000DH000309
[04:38:03] : HSMHelper.execute() : HSMCommand  : 0000DCUB9322774320AB911EC740326592F688CU4F12B3A7123D83B504C9F06D899C5D6B60BC4EC98BF9921A0510200022135710309
[04:38:03] : HSMHelper.execute() : HSMResponse : 0000DD00
[04:38:03] : HSMHelper.execute() : HSMCommand  : 0000ECUB27EC3FAB16D5D4D0DFCC5C3246776E3U4F12B3A7123D83B504C9F06D899C5D6BA3CC37D07FEA57C90110200022135710309
[04:38:03] : HSMHelper.execute() : HSMResponse : 0000ED00
[04:38:03] : HSMHelper.execute() : HSMCommand  : 0000CU002UB9322774320AB911EC740326592F688CU4F12B3A7123D83B504C9F06D899C5D6B60BC4EC98BF9921A051020002213571030960BC4EC98BF9921A
[04:38:03] : HSMHelper.execute() : HSMResponse : 0000CV000309
[04:38:03] : HSMHelper.execute() : HSMCommand  : 0000CU001UB27EC3FAB16D5D4D0DFCC5C3246776E3U4F12B3A7123D83B504C9F06D899C5D6BA3CC37D07FEA57C90110200022135710309A3CC37D07FEA57C9
[04:38:03] : HSMHelper.execute() : HSMResponse : 0000CV000309
[04:38:03] : HSMHelper.execute() : HSMCommand  : 0000BA1111F102000221352
[04:38:03] : HSMHelper.execute() : HSMResponse : 0000BB0007306
[04:38:03] : HSMHelper.execute() : HSMCommand  : 0000DGU4F12B3A7123D83B504C9F06D899C5D6B073061020002213521
[04:38:03] : HSMHelper.execute() : HSMResponse : 0000DH009858
[04:38:03] : HSMHelper.execute() : HSMCommand  : 0000CU001UB27EC3FAB16D5D4D0DFCC5C3246776E3U4F12B3A7123D83B504C9F06D899C5D6B7905D63257273DD301102000221352198587905D63257273DD3
[04:38:03] : HSMHelper.execute() : HSMResponse : 0000CV009858
[04:39:03] : HSMHelper.execute() : HSMCommand  : 0000BA5993F102000221357
[04:39:03] : HSMHelper.execute() : HSMResponse : 0000BB0031202
[04:39:03] : HSMHelper.execute() : HSMCommand  : 0000DGU4F12B3A7123D83B504C9F06D899C5D6B312021020002213571
[04:39:04] : HSMHelper.execute() : HSMResponse : 0000DH000309
[04:39:04] : HSMHelper.execute() : HSMCommand  : 0000DCUB9322774320AB911EC740326592F688CU4F12B3A7123D83B504C9F06D899C5D6B60BC4EC98BF9921A0510200022135710309
[04:39:04] : HSMHelper.execute() : HSMResponse : 0000DD00
[04:39:04] : HSMHelper.execute() : HSMCommand  : 0000ECUB27EC3FAB16D5D4D0DFCC5C3246776E3U4F12B3A7123D83B504C9F06D899C5D6BA3CC37D07FEA57C90110200022135710309
[04:39:04] : HSMHelper.execute() : HSMResponse : 0000ED00
[04:39:04] : HSMHelper.execute() : HSMCommand  : 0000CU002UB9322774320AB911EC740326592F688CU4F12B3A7123D83B504C9F06D899C5D6B60BC4EC98BF9921A051020002213571030960BC4EC98BF9921A
[04:39:04] : HSMHelper.execute() : HSMResponse : 0000CV000309
[04:39:04] : HSMHelper.execute() : HSMCommand  : 0000CU001UB27EC3FAB16D5D4D0DFCC5C3246776E3U4F12B3A7123D83B504C9F06D899C5D6BA3CC37D07FEA57C90110200022135710309A3CC37D07FEA57C9
[04:39:04] : HSMHelper.execute() : HSMResponse : 0000CV000309
[04:39:04] : HSMHelper.execute() : HSMCommand  : 0000BA1111F102000221352
[04:39:04] : HSMHelper.execute() : HSMResponse : 0000BB0007306
[04:39:04] : HSMHelper.execute() : HSMCommand  : 0000DGU4F12B3A7123D83B504C9F06D899C5D6B073061020002213521
[04:39:04] : HSMHelper.execute() : HSMResponse : 0000DH009858
[04:39:04] : HSMHelper.execute() : HSMCommand  : 0000CU001UB27EC3FAB16D5D4D0DFCC5C3246776E3U4F12B3A7123D83B504C9F06D899C5D6B0D699835244C441805102000221352198580D699835244C4418
[04:39:04] : HSMHelper.execute() : HSMResponse : 0000CV20
[04:39:33] : HSMHelper.execute() : HSMCommand  : 0000BA5993F102000221357
[04:39:33] : HSMHelper.execute() : HSMResponse : 0000BB0031202
[04:39:33] : HSMHelper.execute() : HSMCommand  : 0000DGU4F12B3A7123D83B504C9F06D899C5D6B312021020002213571
[04:39:33] : HSMHelper.execute() : HSMResponse : 0000DH000309
[04:39:33] : HSMHelper.execute() : HSMCommand  : 0000DCUB9322774320AB911EC740326592F688CU4F12B3A7123D83B504C9F06D899C5D6B60BC4EC98BF9921A0510200022135710309
[04:39:34] : HSMHelper.execute() : HSMResponse : 0000DD00
[04:39:34] : HSMHelper.execute() : HSMCommand  : 0000ECUB27EC3FAB16D5D4D0DFCC5C3246776E3U4F12B3A7123D83B504C9F06D899C5D6BA3CC37D07FEA57C90110200022135710309
[04:39:34] : HSMHelper.execute() : HSMResponse : 0000ED00
[04:39:34] : HSMHelper.execute() : HSMCommand  : 0000CU002UB9322774320AB911EC740326592F688CU4F12B3A7123D83B504C9F06D899C5D6B60BC4EC98BF9921A051020002213571030960BC4EC98BF9921A
[04:39:34] : HSMHelper.execute() : HSMResponse : 0000CV000309
[04:39:34] : HSMHelper.execute() : HSMCommand  : 0000CU001UB27EC3FAB16D5D4D0DFCC5C3246776E3U4F12B3A7123D83B504C9F06D899C5D6BA3CC37D07FEA57C90110200022135710309A3CC37D07FEA57C9
[04:39:34] : HSMHelper.execute() : HSMResponse : 0000CV000309
[04:39:34] : HSMHelper.execute() : HSMCommand  : 0000BA1111F102000221352
[04:39:34] : HSMHelper.execute() : HSMResponse : 0000BB0007306
[04:39:34] : HSMHelper.execute() : HSMCommand  : 0000DGU4F12B3A7123D83B504C9F06D899C5D6B073061020002213521
[04:39:34] : HSMHelper.execute() : HSMResponse : 0000DH009858
[04:39:34] : HSMHelper.execute() : HSMCommand  : 0000CU002UB9322774320AB911EC740326592F688CU4F12B3A7123D83B504C9F06D899C5D6B0D699835244C441805102000221352198580D699835244C4418
[04:39:34] : HSMHelper.execute() : HSMResponse : 0000CV20
[04:40:16] : HSMHelper.execute() : HSMCommand  : 0000BA5993F102000221357
[04:40:16] : HSMHelper.execute() : HSMResponse : 0000BB0031202
[04:40:16] : HSMHelper.execute() : HSMCommand  : 0000DGU4F12B3A7123D83B504C9F06D899C5D6B312021020002213571
[04:40:16] : HSMHelper.execute() : HSMResponse : 0000DH000309
[04:40:16] : HSMHelper.execute() : HSMCommand  : 0000DCUB9322774320AB911EC740326592F688CU4F12B3A7123D83B504C9F06D899C5D6B60BC4EC98BF9921A0510200022135710309
[04:40:16] : HSMHelper.execute() : HSMResponse : 0000DD00
[04:40:16] : HSMHelper.execute() : HSMCommand  : 0000ECUB27EC3FAB16D5D4D0DFCC5C3246776E3U4F12B3A7123D83B504C9F06D899C5D6BA3CC37D07FEA57C90110200022135710309
[04:40:16] : HSMHelper.execute() : HSMResponse : 0000ED00
[04:40:16] : HSMHelper.execute() : HSMCommand  : 0000CU002UB9322774320AB911EC740326592F688CU4F12B3A7123D83B504C9F06D899C5D6B60BC4EC98BF9921A051020002213571030960BC4EC98BF9921A
[04:40:16] : HSMHelper.execute() : HSMResponse : 0000CV000309
[04:40:16] : HSMHelper.execute() : HSMCommand  : 0000CU001UB27EC3FAB16D5D4D0DFCC5C3246776E3U4F12B3A7123D83B504C9F06D899C5D6BA3CC37D07FEA57C90110200022135710309A3CC37D07FEA57C9
[04:40:16] : HSMHelper.execute() : HSMResponse : 0000CV000309
[04:40:16] : HSMHelper.execute() : HSMCommand  : 0000BA1111F102000221352
[04:40:16] : HSMHelper.execute() : HSMResponse : 0000BB0007306
[04:40:16] : HSMHelper.execute() : HSMCommand  : 0000DGU4F12B3A7123D83B504C9F06D899C5D6B073061020002213521
[04:40:16] : HSMHelper.execute() : HSMResponse : 0000DH009858
[04:40:16] : HSMHelper.execute() : HSMCommand  : 0000CU002UB9322774320AB911EC740326592F688CU4F12B3A7123D83B504C9F06D899C5D6B1B14A13514ACA83C05102000221352198581B14A13514ACA83C
[04:40:16] : HSMHelper.execute() : HSMResponse : 0000CV20
[04:40:38] : HSMHelper.execute() : HSMCommand  : 0000BA5993F102000221357
[04:40:38] : HSMHelper.execute() : HSMResponse : 0000BB0031202
[04:40:38] : HSMHelper.execute() : HSMCommand  : 0000DGU4F12B3A7123D83B504C9F06D899C5D6B312021020002213571
[04:40:38] : HSMHelper.execute() : HSMResponse : 0000DH000309
[04:40:38] : HSMHelper.execute() : HSMCommand  : 0000DCUB9322774320AB911EC740326592F688CU4F12B3A7123D83B504C9F06D899C5D6B60BC4EC98BF9921A0510200022135710309
[04:40:38] : HSMHelper.execute() : HSMResponse : 0000DD00
[04:40:38] : HSMHelper.execute() : HSMCommand  : 0000ECUB27EC3FAB16D5D4D0DFCC5C3246776E3U4F12B3A7123D83B504C9F06D899C5D6BA3CC37D07FEA57C90110200022135710309
[04:40:38] : HSMHelper.execute() : HSMResponse : 0000ED00
[04:40:38] : HSMHelper.execute() : HSMCommand  : 0000CU002UB9322774320AB911EC740326592F688CU4F12B3A7123D83B504C9F06D899C5D6B60BC4EC98BF9921A051020002213571030960BC4EC98BF9921A
[04:40:38] : HSMHelper.execute() : HSMResponse : 0000CV000309
[04:40:38] : HSMHelper.execute() : HSMCommand  : 0000CU001UB27EC3FAB16D5D4D0DFCC5C3246776E3U4F12B3A7123D83B504C9F06D899C5D6BA3CC37D07FEA57C90110200022135710309A3CC37D07FEA57C9
[04:40:38] : HSMHelper.execute() : HSMResponse : 0000CV000309
[04:40:38] : HSMHelper.execute() : HSMCommand  : 0000BA1111F102000221352
[04:40:38] : HSMHelper.execute() : HSMResponse : 0000BB0007306
[04:40:38] : HSMHelper.execute() : HSMCommand  : 0000DGU4F12B3A7123D83B504C9F06D899C5D6B073061020002213521
[04:40:38] : HSMHelper.execute() : HSMResponse : 0000DH009858
[04:40:38] : HSMHelper.execute() : HSMCommand  : 0000CU001UB27EC3FAB16D5D4D0DFCC5C3246776E3U4F12B3A7123D83B504C9F06D899C5D6B7905D63257273DD301102000221352198587905D63257273DD3
[04:40:38] : HSMHelper.execute() : HSMResponse : 0000CV009858
