[13:05:35] : HSMHelper.execute() : HSMCommand  : 0000BA1234F821010000004
[13:05:35] : HSMHelper.execute() : HSMResponse : 0000BB0052915
[13:05:35] : HSMUtils.getPinOffset() : Intermediate Pin : 52915
[13:05:35] : HSMHelper.execute() : HSMCommand  : 0000DE4385B5DB5AEAF809529150482101000000401234567890123456078210100N0
[13:05:35] : HSMHelper.execute() : HSMResponse : 0000DF001371FFFFFFFF
[13:05:35] : HSMHelper.execute() : HSMCommand  : 0000GO0UB387DC23B416D398F17E431C3CB72B934385B5DB5AEAF809609110000F15CAD8800013A537BACDB0C1561D5010482101000000401234567890123456078210100N00000FFFFFFFF
[13:05:35] : HSMHelper.execute() : HSMResponse : 0000GP20
[13:05:48] : HSMHelper.execute() : HSMCommand  : 0000BA1234F821010000004
[13:05:48] : HSMHelper.execute() : HSMResponse : 0000BB0052915
[13:05:48] : HSMUtils.getPinOffset() : Intermediate Pin : 52915
[13:05:48] : HSMHelper.execute() : HSMCommand  : 0000DE4385B5DB5AEAF809529150482101000000401234567890123456078210100N0
[13:05:48] : HSMHelper.execute() : HSMResponse : 0000DF001371FFFFFFFF
[13:05:48] : HSMHelper.execute() : HSMCommand  : 0000GO0UB387DC23B416D398F17E431C3CB72B934385B5DB5AEAF809609110000F15CAD8800013A537BACDB0C1561D5010482101000000401234567890123456078210100N01371FFFFFFFF
[13:05:48] : HSMHelper.execute() : HSMResponse : 0000GP20
[13:09:12] : HSMHelper.execute() : HSMCommand  : 0000BA1234F821010000004
[13:09:12] : HSMHelper.execute() : HSMResponse : 0000BB0052915
[13:09:12] : HSMUtils.getPinOffset() : Intermediate Pin : 52915
[13:09:12] : HSMHelper.execute() : HSMCommand  : 0000DE4385B5DB5AEAF809529150482101000000401234567890123456078210100N0
[13:09:12] : HSMHelper.execute() : HSMResponse : 0000DF001371FFFFFFFF
[13:09:12] : HSMHelper.execute() : HSMCommand  : 0000GO0UB387DC23B416D398F17E431C3CB72B934385B5DB5AEAF809609110000F15CAD8800013A537BACDB0C1561D5010482101000000401234567890123456078210100N01371FFFFFFFF
[13:09:12] : HSMHelper.execute() : HSMResponse : 0000GP20
[13:09:59] : HSMHelper.execute() : HSMCommand  : 0000BA1234F821010000004
[13:09:59] : HSMHelper.execute() : HSMResponse : 0000BB0052915
[13:09:59] : HSMUtils.getPinOffset() : Intermediate Pin : 52915
[13:09:59] : HSMHelper.execute() : HSMCommand  : 0000DE4385B5DB5AEAF809529150482101000000401234567890123456078210100N0
[13:09:59] : HSMHelper.execute() : HSMResponse : 0000DF001371FFFFFFFF
[13:09:59] : HSMHelper.execute() : HSMCommand  : 0000GO0UB387DC23B416D398F17E431C3CB72B934385B5DB5AEAF809609110000F15CAD8800013AE27FB9E8B57C9AC0010482101000000401234567890123456078210100N01371FFFFFFFF
[13:09:59] : HSMHelper.execute() : HSMResponse : 0000GP20
[13:12:28] : HSMHelper.execute() : HSMCommand  : 0000BA1234F821010000004
[13:12:28] : HSMHelper.execute() : HSMResponse : 0000BB0052915
[13:12:28] : HSMUtils.getPinOffset() : Intermediate Pin : 52915
[13:12:28] : HSMHelper.execute() : HSMCommand  : 0000DE4385B5DB5AEAF809529150482101000000401234567890123456078210100N0
[13:12:28] : HSMHelper.execute() : HSMResponse : 0000DF001371FFFFFFFF
[13:12:28] : HSMHelper.execute() : HSMCommand  : 0000GO0UB387DC23B416D398F17E431C3CB72B934385B5DB5AEAF809609110000F15CAD8800013AE27FB9E8B57C9AC0010460705000013101234567890123450036070500N91371FFFFFFFF
[13:12:28] : HSMHelper.execute() : HSMResponse : 0000GP01
[13:12:37] : HSMHelper.execute() : HSMCommand  : 0000BA1234F821010000004
[13:12:37] : HSMHelper.execute() : HSMResponse : 0000BB0052915
[13:12:37] : HSMUtils.getPinOffset() : Intermediate Pin : 52915
[13:12:37] : HSMHelper.execute() : HSMCommand  : 0000DE4385B5DB5AEAF809529150482101000000401234567890123456078210100N0
[13:12:37] : HSMHelper.execute() : HSMResponse : 0000DF001371FFFFFFFF
[13:15:14] : HSMHelper.execute() : HSMCommand  : 0000GO0UB387DC23B416D398F17E431C3CB72B934385B5DB5AEAF809609110000F15CAD8800006F606C5A5E0CED68A2010437722004422501234567890123454893772200N51371FFFFFFFF
[13:15:14] : HSMHelper.execute() : HSMResponse : 0000GP01
[13:17:18] : HSMHelper.execute() : HSMCommand  : 0000BA1111F377220044225
[13:17:18] : HSMHelper.execute() : HSMResponse : 0000BB0057376
[13:17:18] : HSMUtils.getPinOffset() : Intermediate Pin : 57376
[13:17:18] : HSMHelper.execute() : HSMCommand  : 0000DE4385B5DB5AEAF809573760437722004422501234567890123454893772200N5
[13:17:19] : HSMHelper.execute() : HSMResponse : 0000DF002269FFFFFFFF
[13:17:19] : HSMHelper.execute() : HSMCommand  : 0000GO0UB387DC23B416D398F17E431C3CB72B934385B5DB5AEAF809609110000F15CAD8800006F606C5A5E0CED68A2010437722004422501234567890123454893772200N51371FFFFFFFF
[13:17:19] : HSMHelper.execute() : HSMResponse : 0000GP01
[13:17:29] : HSMHelper.execute() : HSMCommand  : 0000BA1111F377220044225
[13:17:29] : HSMHelper.execute() : HSMResponse : 0000BB0057376
[13:17:29] : HSMUtils.getPinOffset() : Intermediate Pin : 57376
[13:17:29] : HSMHelper.execute() : HSMCommand  : 0000DE4385B5DB5AEAF809573760437722004422501234567890123454893772200N5
[13:17:29] : HSMHelper.execute() : HSMResponse : 0000DF002269FFFFFFFF
[13:17:29] : HSMHelper.execute() : HSMCommand  : 0000GO0UB387DC23B416D398F17E431C3CB72B934385B5DB5AEAF809609110000F15CAD8800006F606C5A5E0CED68A2010437722004422501234567890123454893772200N52269FFFFFFFF
[13:17:29] : HSMHelper.execute() : HSMResponse : 0000GP00
