[17:43:54] : HSMHelper.execute() : HSMCommand  : 0000BA1234F787089000001
[17:43:55] : HSMHelper.execute() : HSMResponse : 0000BB0092527
[17:43:55] : HSMUtils.getPinOffset() : Intermediate Pin : 92527
[17:43:55] : HSMHelper.execute() : HSMCommand  : 0000DE4385B5DB5AEAF809925270478708900000101234567890123455087870890N2
[17:43:55] : HSMHelper.execute() : HSMResponse : 0000DF009133FFFFFFFF
[17:44:23] : HSMHelper.execute() : HSMCommand  : 0000BA1234F787089000001
[17:44:23] : HSMHelper.execute() : HSMResponse : 0000BB0092527
[17:44:23] : HSMUtils.getPinOffset() : Intermediate Pin : 92527
[17:44:23] : HSMHelper.execute() : HSMCommand  : 0000DE4385B5DB5AEAF809925270478708900000101234567890123455087870890N2
[17:44:23] : HSMHelper.execute() : HSMResponse : 0000DF009133FFFFFFFF
[17:44:23] : HSMHelper.execute() : HSMCommand  : 0000DAU2CB13C08469BB8500A65A0E65474AE4B4385B5DB5AEAF809120E368AC2CE27DB25010478708900000101234567890123455087870890N29133FFFFFFFF
[17:44:23] : HSMHelper.execute() : HSMResponse : 0000DB24
[17:47:20] : HSMHelper.execute() : HSMCommand  : 0000BA1234F787089000001
[17:47:20] : HSMHelper.execute() : HSMResponse : 0000BB0092527
[17:47:20] : HSMUtils.getPinOffset() : Intermediate Pin : 92527
[17:47:20] : HSMHelper.execute() : HSMCommand  : 0000DE4385B5DB5AEAF809925270478708900000101234567890123455087870890N2
[17:47:20] : HSMHelper.execute() : HSMResponse : 0000DF009133FFFFFFFF
[17:47:20] : HSMHelper.execute() : HSMCommand  : 0000DAU2CB13C08469BB8500A65A0E65474AE4B4385B5DB5AEAF809120E368AC2CE27DB25010478708900000101234567890123455087870890N29132FFFFFFFF
[17:47:20] : HSMHelper.execute() : HSMResponse : 0000DB24
[17:47:48] : HSMHelper.execute() : HSMCommand  : 0000BA1234F508075003293
[17:47:48] : HSMHelper.execute() : HSMResponse : 0000BB0078070
[17:47:48] : HSMUtils.getPinOffset() : Intermediate Pin : 78070
[17:47:48] : HSMHelper.execute() : HSMCommand  : 0000DE4385B5DB5AEAF809780700450807500329301234567890123454135080750N2
[17:47:48] : HSMHelper.execute() : HSMResponse : 0000DF001440FFFFFFFF
