[13:28:22] : HSMHelper.execute() : HSMCommand  : 0000BA1234F714001000003
[13:28:22] : HSMHelper.execute() : HSMResponse : 0000BB0061945
[13:28:22] : HSMUtils.getPinOffset() : Intermediate Pin : 61945
[13:28:22] : HSMHelper.execute() : HSMCommand  : 0000DE4385B5DB5AEAF809619450471400100000301234567890123456077140010N1
[13:28:22] : HSMHelper.execute() : HSMResponse : 0000DF008112FFFFFFFF
[13:33:20] : HSMHelper.execute() : HSMCommand  : 0000BA1234F714001000003
[13:33:20] : HSMHelper.execute() : HSMResponse : 0000BB0061945
[13:33:20] : HSMUtils.getPinOffset() : Intermediate Pin : 61945
[13:33:20] : HSMHelper.execute() : HSMCommand  : 0000DE4385B5DB5AEAF809619450471400100000301234567890123456077140010N1
[13:33:20] : HSMHelper.execute() : HSMResponse : 0000DF008112FFFFFFFF
[13:33:20] : HSMHelper.execute() : HSMCommand  : 0000NG71400100000361945
[13:33:20] : HSMHelper.execute() : HSMResponse : 0000NH17
[18:13:40] : HSMHelper.execute() : HSMCommand  : 0000BA1234F714001000003
[18:13:41] : HSMHelper.execute() : HSMResponse : 0000BB0061945
[18:13:41] : HSMUtils.getPinOffset() : Intermediate Pin : 61945
[18:13:41] : HSMHelper.execute() : HSMCommand  : 0000DE4385B5DB5AEAF809619450471400100000301234567890123456077140010N1
[18:13:41] : HSMHelper.execute() : HSMResponse : 0000DF008112FFFFFFFF
[18:13:41] : HSMHelper.execute() : HSMCommand  : 0000NG71400100000361945
[18:13:41] : HSMHelper.execute() : HSMResponse : 0000NH17
[18:14:23] : HSMHelper.execute() : HSMCommand  : 0000BA1234F714001000003
[18:14:23] : HSMHelper.execute() : HSMResponse : 0000BB0061945
[18:14:23] : HSMUtils.getPinOffset() : Intermediate Pin : 61945
[18:14:23] : HSMHelper.execute() : HSMCommand  : 0000DE4385B5DB5AEAF809619450471400100000301234567890123456077140010N1
[18:14:23] : HSMHelper.execute() : HSMResponse : 0000DF008112FFFFFFFF
[18:14:23] : HSMHelper.execute() : HSMCommand  : 0000NG71400100000361945
[18:14:23] : HSMHelper.execute() : HSMResponse : 0000NH17
[18:16:11] : HSMHelper.execute() : HSMCommand  : 0000DAUB9322774320AB911EC740326592F688C4385B5DB5AEAF809121C1CD7717CFF298B050400088982218001234567890123450000008898N04394FFFFFFFF
[18:16:12] : HSMHelper.execute() : HSMResponse : 0000DB24
[18:50:18] : HSMHelper.execute() : HSMCommand  : 0000DAUB9322774320AB911EC740326592F688C4385B5DB5AEAF80912A4DEC67876BC811A050400088982218001234567890123450000008898N07166FFFFFFFF
[18:50:23] : HSMHelper.execute() : HSMResponse : null
[18:50:28] : HSMHelper.execute() : HSMCommand  : 0000DAUB9322774320AB911EC740326592F688C4385B5DB5AEAF80912A4DEC67876BC811A050400088982218001234567890123450000008898N07166FFFFFFFF
[18:50:28] : HSMHelper.execute() : HSMResponse : 0000DB00
[18:52:10] : HSMHelper.execute() : HSMCommand  : 0000DAUB9322774320AB911EC740326592F688C4385B5DB5AEAF80912A4DEC67876BC811A050400088982218001234567890123450000008898N07166FFFFFFFF
[18:52:10] : HSMHelper.execute() : HSMResponse : 0000DB00
[18:53:28] : HSMHelper.execute() : HSMCommand  : 0000DAUB9322774320AB911EC740326592F688C4385B5DB5AEAF809121C1CD7717CFF298B050400088982218001234567890123450000008898N04394FFFFFFFF
[18:53:28] : HSMHelper.execute() : HSMResponse : 0000DB24
