[15:16:30] : HSMHelper.execute() : HSMCommand  : 0000BA1111F821010000003
[15:16:30] : HSMHelper.execute() : HSMResponse : 0000BB0035830
[15:16:30] : HSMHelper.execute() : HSMCommand  : 0000DE4385B5DB5AEAF809358300482101000000301234567890123456078210100N2
[15:16:30] : HSMHelper.execute() : HSMResponse : 0000DF002882FFFFFFFF
[15:16:37] : HSMHelper.execute() : HSMCommand  : 0000BA1111F821010000003
[15:16:37] : HSMHelper.execute() : HSMResponse : 0000BB0035830
[15:16:37] : HSMHelper.execute() : HSMCommand  : 0000DE4385B5DB5AEAF809358300482101000000301234567890123456078210100N2
[15:16:37] : HSMHelper.execute() : HSMResponse : 0000DF002882FFFFFFFF
[15:20:08] : HSMHelper.execute() : HSMCommand  : 0000BA1111F821010000003
[15:20:08] : HSMHelper.execute() : HSMResponse : 0000BB0035830
[15:20:08] : HSMHelper.execute() : HSMCommand  : 0000DE4385B5DB5AEAF809358300482101000000301234567890123456078210100N2
[15:20:09] : HSMHelper.execute() : HSMResponse : 0000DF002882FFFFFFFF
[15:20:09] : HSMHelper.execute() : HSMCommand  : 0000EAU491013AE412FF705DA835A1F466FBE3A4385B5DB5AEAF80912E0FBCB72EF6E984D010482101000000301234567890123456078210100N22882FFFFFFFF
[15:20:09] : HSMHelper.execute() : HSMResponse : 0000EB10
[15:23:26] : HSMHelper.execute() : HSMCommand  : 0000BA1111F821010000003
[15:23:27] : HSMHelper.execute() : HSMResponse : 0000BB0035830
[15:23:27] : HSMHelper.execute() : HSMCommand  : 0000DE4385B5DB5AEAF809358300482101000000301234567890123456078210100N2
[15:23:27] : HSMHelper.execute() : HSMResponse : 0000DF002882FFFFFFFF
[15:23:27] : HSMHelper.execute() : HSMCommand  : 0000EAU491013AE412FF705DA835A1F466FBE3A4385B5DB5AEAF80912C2C5F7B961892784010482101000000301234567890123456078210100N22882FFFFFFFF
[15:23:27] : HSMHelper.execute() : HSMResponse : 0000EB10
[15:23:53] : HSMHelper.execute() : HSMCommand  : 0000BA1111F821010000003
[15:23:53] : HSMHelper.execute() : HSMResponse : 0000BB0035830
[15:23:53] : HSMHelper.execute() : HSMCommand  : 0000DE4385B5DB5AEAF809358300482101000000301234567890123456078210100N2
[15:23:53] : HSMHelper.execute() : HSMResponse : 0000DF002882FFFFFFFF
[15:23:53] : HSMHelper.execute() : HSMCommand  : 0000EAU491013AE412FF705DA835A1F466FBE3A4385B5DB5AEAF809128177E2C02537C1BC010482101000000301234567890123456078210100N22882FFFFFFFF
[15:23:53] : HSMHelper.execute() : HSMResponse : 0000EB10
[15:34:23] : HSMHelper.execute() : HSMCommand  : 0000CAUB9322774320AB911EC740326592F688CU491013AE412FF705DA835A1F466FBE3A121714FEF966F21A9A0501821010000003
[15:34:23] : HSMHelper.execute() : HSMResponse : 0000CB11
[15:35:17] : HSMHelper.execute() : HSMCommand  : 0000DAU9D2A7096855DE7F72992A8EEA14A99504385B5DB5AEAF8091284FA65209DA3742E050400070390189101234567890123450000007039N17644FFFFFFFF
[15:35:17] : HSMHelper.execute() : HSMResponse : 0000DB10
[15:36:17] : HSMHelper.execute() : HSMCommand  : 0000DAU15037305D1D8FD5F5D57C3CB5A92469A4385B5DB5AEAF8091277D7781C99E7E983050450807500329301234567890123454135080750N21440FFFFFFFF
[15:36:17] : HSMHelper.execute() : HSMResponse : 0000DB00
[15:43:54] : HSMHelper.execute() : HSMCommand  : 0000BA1234F821010000003
[15:43:54] : HSMHelper.execute() : HSMResponse : 0000BB0043465
[15:43:54] : HSMHelper.execute() : HSMCommand  : 0000DE4385B5DB5AEAF809434650482101000000301234567890123456078210100N2
[15:43:54] : HSMHelper.execute() : HSMResponse : 0000DF002905FFFFFFFF
[15:44:06] : HSMHelper.execute() : HSMCommand  : 0000BA1234F821010000003
[15:44:06] : HSMHelper.execute() : HSMResponse : 0000BB0043465
[15:44:06] : HSMHelper.execute() : HSMCommand  : 0000DE4385B5DB5AEAF809434650482101000000301234567890123456078210100N2
[15:44:06] : HSMHelper.execute() : HSMResponse : 0000DF002905FFFFFFFF
[15:44:11] : HSMHelper.execute() : HSMCommand  : 0000BA1234F821010000003
[15:44:11] : HSMHelper.execute() : HSMResponse : 0000BB0043465
[15:44:11] : HSMHelper.execute() : HSMCommand  : 0000DE4385B5DB5AEAF809434650482101000000301234567890123456078210100N2
[15:44:11] : HSMHelper.execute() : HSMResponse : 0000DF002905FFFFFFFF
[15:44:39] : HSMHelper.execute() : HSMCommand  : 0000BA1234F821010000003
[15:44:39] : HSMHelper.execute() : HSMResponse : 0000BB0043465
[15:44:39] : HSMHelper.execute() : HSMCommand  : 0000DE4385B5DB5AEAF809434650482101000000301234567890123456078210100N2
[15:44:39] : HSMHelper.execute() : HSMResponse : 0000DF002905FFFFFFFF
[15:44:39] : HSMHelper.execute() : HSMCommand  : 0000DAUB9322774320AB911EC740326592F688C4385B5DB5AEAF80912C2F6C13BB9BA5DAD050482101000000301234567890123456078210100N22905FFFFFFFF
[15:44:39] : HSMHelper.execute() : HSMResponse : 0000DB00
[15:47:19] : HSMHelper.execute() : HSMCommand  : 0000BA1234F821010000003
[15:47:19] : HSMHelper.execute() : HSMResponse : 0000BB0043465
[15:47:19] : HSMHelper.execute() : HSMCommand  : 0000DE4385B5DB5AEAF809434650482101000000301234567890123456078210100N2
[15:47:19] : HSMHelper.execute() : HSMResponse : 0000DF002905FFFFFFFF
[15:47:19] : HSMHelper.execute() : HSMCommand  : 0000DAUB9322774320AB911EC740326592F688C4385B5DB5AEAF80912C2F6C13BB9BA5DAD050482101000000301234567890123456078210100N22905FFFFFFFF
[15:47:19] : HSMHelper.execute() : HSMResponse : 0000DB00
[15:47:19] : HSMHelper.execute() : HSMCommand  : 0000CAUB9322774320AB911EC740326592F688CU491013AE412FF705DA835A1F466FBE3A12C2F6C13BB9BA5DAD0501821010000003
[15:47:19] : HSMHelper.execute() : HSMResponse : 0000CB11
[15:47:34] : HSMHelper.execute() : HSMCommand  : 0000BA1234F821010000003
[15:47:34] : HSMHelper.execute() : HSMResponse : 0000BB0043465
[15:47:34] : HSMHelper.execute() : HSMCommand  : 0000DE4385B5DB5AEAF809434650482101000000301234567890123456078210100N2
[15:47:34] : HSMHelper.execute() : HSMResponse : 0000DF002905FFFFFFFF
[15:47:34] : HSMHelper.execute() : HSMCommand  : 0000CAUB9322774320AB911EC740326592F688CU491013AE412FF705DA835A1F466FBE3A12C2F6C13BB9BA5DAD0501821010000003
[15:47:34] : HSMHelper.execute() : HSMResponse : 0000CB11
[18:58:12] : HSMHelper.execute() : HSMCommand  : 0000BA1234F821010000003
[18:58:12] : HSMHelper.execute() : HSMResponse : 0000BB0043465
[18:58:12] : HSMHelper.execute() : HSMCommand  : 0000DE4385B5DB5AEAF809434650482101000000301234567890123456078210100N2
[18:58:12] : HSMHelper.execute() : HSMResponse : 0000DF002905FFFFFFFF
[18:58:12] : HSMHelper.execute() : HSMCommand  : 0000CAUB9322774320AB911EC740326592F688CU401770057601955CD7797A450474C4E112C2F6C13BB9BA5DAD0501821010000003
[18:58:13] : HSMHelper.execute() : HSMResponse : 0000CB00049C953D6ED2A23B8501
[18:58:33] : HSMHelper.execute() : HSMCommand  : 0000BA1234F821010000003
[18:58:33] : HSMHelper.execute() : HSMResponse : 0000BB0043465
[18:58:33] : HSMHelper.execute() : HSMCommand  : 0000DE4385B5DB5AEAF809434650482101000000301234567890123456078210100N2
[18:58:33] : HSMHelper.execute() : HSMResponse : 0000DF002905FFFFFFFF
[18:58:33] : HSMHelper.execute() : HSMCommand  : 0000CAUB9322774320AB911EC740326592F688CU401770057601955CD7797A450474C4E112C2F6C13BB9BA5DAD0501821010000003
[18:58:33] : HSMHelper.execute() : HSMResponse : 0000CB00049C953D6ED2A23B8501
