[11:26:53] : HSMHelper.execute() : HSMCommand  : 0000BA1234F821010000003
[11:26:53] : HSMHelper.execute() : HSMResponse : 0000BB0043465
[11:26:53] : HSMHelper.execute() : HSMCommand  : 0000DE4385B5DB5AEAF809434650482101000000301234567890123456078210100N2
[11:26:53] : HSMHelper.execute() : HSMResponse : 0000DF002905FFFFFFFF
[11:26:53] : HSMHelper.execute() : HSMCommand  : 0000CAUB9322774320AB911EC740326592F688CU401770057601955CD7797A450474C4E112C2F6C13BB9BA5DAD0501821010000003
[11:26:53] : HSMHelper.execute() : HSMResponse : 0000CB00049C953D6ED2A23B8501
[11:26:53] : HSMHelper.execute() : HSMCommand  : 0000EAU401770057601955CD7797A450474C4E14385B5DB5AEAF809124B51036BB03C63EC010482101000000301234567890123456078210100N22905FFFFFFFF
[11:26:53] : HSMHelper.execute() : HSMResponse : 0000EB01
[11:27:08] : HSMHelper.execute() : HSMCommand  : 0000BA1111F821010000003
[11:27:08] : HSMHelper.execute() : HSMResponse : 0000BB0035830
[11:27:08] : HSMHelper.execute() : HSMCommand  : 0000DE4385B5DB5AEAF809358300482101000000301234567890123456078210100N2
[11:27:08] : HSMHelper.execute() : HSMResponse : 0000DF002882FFFFFFFF
[11:27:08] : HSMHelper.execute() : HSMCommand  : 0000CAUB9322774320AB911EC740326592F688CU401770057601955CD7797A450474C4E112C2F6C13BB9BA5DAD0501821010000003
[11:27:08] : HSMHelper.execute() : HSMResponse : 0000CB00049C953D6ED2A23B8501
[11:27:08] : HSMHelper.execute() : HSMCommand  : 0000EAU401770057601955CD7797A450474C4E14385B5DB5AEAF809124B51036BB03C63EC010482101000000301234567890123456078210100N22882FFFFFFFF
[11:27:08] : HSMHelper.execute() : HSMResponse : 0000EB00
[15:27:23] : HSMHelper.execute() : HSMCommand  : 0000CAUB9322774320AB911EC740326592F688CUB27EC3FAB16D5D4D0DFCC5C3246776E312CC53A414F2CF04A60501821010000003
[15:27:24] : HSMHelper.execute() : HSMResponse : 0000CB0004FABF010A229558BE01
[15:28:45] : HSMHelper.execute() : HSMCommand  : 0000BA1111F821010000003
[15:28:46] : HSMHelper.execute() : HSMResponse : 0000BB0035830
[15:28:46] : HSMHelper.execute() : HSMCommand  : 0000DE4385B5DB5AEAF809358300482101000000301234567890123456078210100N2
[15:28:46] : HSMHelper.execute() : HSMResponse : 0000DF002882FFFFFFFF
[15:28:46] : HSMHelper.execute() : HSMCommand  : 0000DAUB9322774320AB911EC740326592F688C4385B5DB5AEAF80912C2F6C13BB9BA5DAD050482101000000301234567890123456078210100N22905FFFFFFFF
[15:28:46] : HSMHelper.execute() : HSMResponse : 0000DB00
[15:28:46] : HSMHelper.execute() : HSMCommand  : 0000CAUB9322774320AB911EC740326592F688CUB27EC3FAB16D5D4D0DFCC5C3246776E312CC53A414F2CF04A60501821010000003
[15:28:46] : HSMHelper.execute() : HSMResponse : 0000CB0004FABF010A229558BE01
[15:29:05] : HSMHelper.execute() : HSMCommand  : 0000BA1111F821010000003
[15:29:05] : HSMHelper.execute() : HSMResponse : 0000BB0035830
[15:29:05] : HSMHelper.execute() : HSMCommand  : 0000DE4385B5DB5AEAF809358300482101000000301234567890123456078210100N2
[15:29:05] : HSMHelper.execute() : HSMResponse : 0000DF002882FFFFFFFF
[15:29:05] : HSMHelper.execute() : HSMCommand  : 0000DAUB9322774320AB911EC740326592F688C4385B5DB5AEAF80912CC53A414F2CF04A6050482101000000301234567890123456078210100N22905FFFFFFFF
[15:29:05] : HSMHelper.execute() : HSMResponse : 0000DB01
[15:29:05] : HSMHelper.execute() : HSMCommand  : 0000CAUB9322774320AB911EC740326592F688CUB27EC3FAB16D5D4D0DFCC5C3246776E312CC53A414F2CF04A60501821010000003
[15:29:05] : HSMHelper.execute() : HSMResponse : 0000CB0004FABF010A229558BE01
[15:30:23] : HSMHelper.execute() : HSMCommand  : 0000BA1111F821010000003
[15:30:23] : HSMHelper.execute() : HSMResponse : 0000BB0035830
[15:30:23] : HSMHelper.execute() : HSMCommand  : 0000DE4385B5DB5AEAF809358300482101000000301234567890123456078210100N2
[15:30:23] : HSMHelper.execute() : HSMResponse : 0000DF002882FFFFFFFF
[15:30:23] : HSMHelper.execute() : HSMCommand  : 0000DAUB9322774320AB911EC740326592F688C4385B5DB5AEAF809121724B6325F4F1744050482101000000301234567890123456078210100N22905FFFFFFFF
[15:30:23] : HSMHelper.execute() : HSMResponse : 0000DB01
[15:30:23] : HSMHelper.execute() : HSMCommand  : 0000CAUB9322774320AB911EC740326592F688CUB27EC3FAB16D5D4D0DFCC5C3246776E312CC53A414F2CF04A60501821010000003
[15:30:23] : HSMHelper.execute() : HSMResponse : 0000CB0004FABF010A229558BE01
[15:30:51] : HSMHelper.execute() : HSMCommand  : 0000BA1111F821010000003
[15:30:51] : HSMHelper.execute() : HSMResponse : 0000BB0035830
[15:30:51] : HSMHelper.execute() : HSMCommand  : 0000DE4385B5DB5AEAF809358300482101000000301234567890123456078210100N2
[15:30:51] : HSMHelper.execute() : HSMResponse : 0000DF002882FFFFFFFF
[15:30:51] : HSMHelper.execute() : HSMCommand  : 0000DAUB9322774320AB911EC740326592F688C4385B5DB5AEAF809127EE28E591920D2AC050482101000000301234567890123456078210100N22905FFFFFFFF
[15:30:51] : HSMHelper.execute() : HSMResponse : 0000DB20
[15:30:51] : HSMHelper.execute() : HSMCommand  : 0000CAUB9322774320AB911EC740326592F688CUB27EC3FAB16D5D4D0DFCC5C3246776E312CC53A414F2CF04A60501821010000003
[15:30:51] : HSMHelper.execute() : HSMResponse : 0000CB0004FABF010A229558BE01
[15:32:18] : HSMHelper.execute() : HSMCommand  : 0000BA1111F821010000003
[15:32:18] : HSMHelper.execute() : HSMResponse : 0000BB0035830
[15:32:18] : HSMHelper.execute() : HSMCommand  : 0000DE4385B5DB5AEAF809358300482101000000301234567890123456078210100N2
[15:32:18] : HSMHelper.execute() : HSMResponse : 0000DF002882FFFFFFFF
[15:32:18] : HSMHelper.execute() : HSMCommand  : 0000DAUB9322774320AB911EC740326592F688C4385B5DB5AEAF80912B533C68E4B553BA3050482101000000301234567890123456078210100N22905FFFFFFFF
[15:32:18] : HSMHelper.execute() : HSMResponse : 0000DB01
[15:32:18] : HSMHelper.execute() : HSMCommand  : 0000CAUB9322774320AB911EC740326592F688CUB27EC3FAB16D5D4D0DFCC5C3246776E312CC53A414F2CF04A60501821010000003
[15:32:18] : HSMHelper.execute() : HSMResponse : 0000CB0004FABF010A229558BE01
[15:32:24] : HSMHelper.execute() : HSMCommand  : 0000BA1111F821010000003
[15:32:24] : HSMHelper.execute() : HSMResponse : 0000BB0035830
[15:32:24] : HSMHelper.execute() : HSMCommand  : 0000DE4385B5DB5AEAF809358300482101000000301234567890123456078210100N2
[15:32:24] : HSMHelper.execute() : HSMResponse : 0000DF002882FFFFFFFF
[15:32:24] : HSMHelper.execute() : HSMCommand  : 0000DAUB9322774320AB911EC740326592F688C4385B5DB5AEAF80912B533C68E4B553BA3050482101000000301234567890123456078210100N22882FFFFFFFF
[15:32:24] : HSMHelper.execute() : HSMResponse : 0000DB00
[15:32:24] : HSMHelper.execute() : HSMCommand  : 0000CAUB9322774320AB911EC740326592F688CUB27EC3FAB16D5D4D0DFCC5C3246776E312CC53A414F2CF04A60501821010000003
[15:32:24] : HSMHelper.execute() : HSMResponse : 0000CB0004FABF010A229558BE01
[15:33:10] : HSMHelper.execute() : HSMCommand  : 0000BA1111F821010000003
[15:33:10] : HSMHelper.execute() : HSMResponse : 0000BB0035830
[15:33:10] : HSMHelper.execute() : HSMCommand  : 0000DE4385B5DB5AEAF809358300482101000000301234567890123456078210100N2
[15:33:10] : HSMHelper.execute() : HSMResponse : 0000DF002882FFFFFFFF
[15:33:10] : HSMHelper.execute() : HSMCommand  : 0000DAUB9322774320AB911EC740326592F688C4385B5DB5AEAF80912B533C68E4B553BA3050482101000000301234567890123456078210100N22882FFFFFFFF
[15:33:10] : HSMHelper.execute() : HSMResponse : 0000DB00
[15:33:10] : HSMHelper.execute() : HSMCommand  : 0000CAUB9322774320AB911EC740326592F688CUB27EC3FAB16D5D4D0DFCC5C3246776E312B533C68E4B553BA30501821010000003
[15:33:10] : HSMHelper.execute() : HSMResponse : 0000CB0004FABF010A229558BE01
[15:45:43] : HSMHelper.execute() : HSMCommand  : 0000BA1111F821010000003
[15:45:43] : HSMHelper.execute() : HSMResponse : 0000BB0035830
[15:45:43] : HSMHelper.execute() : HSMCommand  : 0000DE4385B5DB5AEAF809358300482101000000301234567890123456078210100N2
[15:45:43] : HSMHelper.execute() : HSMResponse : 0000DF002882FFFFFFFF
[15:45:43] : HSMHelper.execute() : HSMCommand  : 0000DAUB9322774320AB911EC740326592F688C4385B5DB5AEAF80912B533C68E4B553BA3050482101000000301234567890123456078210100N22882FFFFFFFF
[15:45:43] : HSMHelper.execute() : HSMResponse : 0000DB00
[15:45:43] : HSMHelper.execute() : HSMCommand  : 0000CAUB9322774320AB911EC740326592F688CUB27EC3FAB16D5D4D0DFCC5C3246776E312B533C68E4B553BA30501821010000003
[15:45:43] : HSMHelper.execute() : HSMResponse : 0000CB0004FABF010A229558BE01
[16:19:20] : HSMHelper.execute() : HSMCommand  : 0000CAUB9322774320AB911EC740326592F688CUB27EC3FAB16D5D4D0DFCC5C3246776E31211BB2E77E55B95CA0501821010000003
[16:19:20] : HSMHelper.execute() : HSMResponse : 0000CB0004BBA50C24D360802C01
