[16:55:35] : HSMHelper.execute() : HSMCommand  : 0000BA5993F102000221357
[16:55:35] : HSMHelper.execute() : HSMResponse : 0000BB0031202
[16:55:35] : HSMHelper.execute() : HSMCommand  : 0000DEU4F12B3A7123D83B504C9F06D899C5D6B312020410200022135701234567890123456071020002N6
[16:55:35] : HSMHelper.execute() : HSMResponse : 0000DF023651FFFFFFFF
[16:59:20] : HSMHelper.execute() : HSMCommand  : 0000BA4563F102000221352
[16:59:20] : HSMHelper.execute() : HSMResponse : 0000BB0050458
[16:59:20] : HSMHelper.execute() : HSMCommand  : 0000DEU4F12B3A7123D83B504C9F06D899C5D6B504580410200022135201234567890123456071020002N7
[16:59:20] : HSMHelper.execute() : HSMResponse : 0000DF022645FFFFFFFF
[17:00:06] : HSMHelper.execute() : HSMCommand  : 0000BA9493F102000221356
[17:00:06] : HSMHelper.execute() : HSMResponse : 0000BB0072578
[17:00:06] : HSMHelper.execute() : HSMCommand  : 0000DEU4F12B3A7123D83B504C9F06D899C5D6B725780410200022135601234567890123456071020002N8
[17:00:06] : HSMHelper.execute() : HSMResponse : 0000DF025790FFFFFFFF
[17:00:50] : HSMHelper.execute() : HSMCommand  : 0000BA0309F102000221357
[17:00:50] : HSMHelper.execute() : HSMResponse : 0000BB0004110
[17:00:50] : HSMHelper.execute() : HSMCommand  : 0000DEU4F12B3A7123D83B504C9F06D899C5D6B041100410200022135701234567890123456071020002N6
[17:00:50] : HSMHelper.execute() : HSMResponse : 0000DF028067FFFFFFFF
[17:01:09] : HSMHelper.execute() : HSMCommand  : 0000BA5993F102000221357
[17:01:09] : HSMHelper.execute() : HSMResponse : 0000BB0031202
[17:01:09] : HSMHelper.execute() : HSMCommand  : 0000DEU4F12B3A7123D83B504C9F06D899C5D6B312020410200022135701234567890123456071020002N6
[17:01:09] : HSMHelper.execute() : HSMResponse : 0000DF023651FFFFFFFF
[17:19:28] : HSMTest.main() : PAN : 6071020002213576
[17:19:28] : HSMHelper.execute() : HSMCommand  : 0000BA5993F102000221357
[17:19:33] : HSMHelper.execute() : HSMResponse : null
